[95m57552 arrests occured within 1 mile(s) of a CCTV[0m
25123 [92m	unknown offense[0m
9650 [92m	87-narcotics[0m
4503 [92m	4e-common assault[0m
2037 [92m	87o-narcotics (outside)[0m
1705 [92m	6c-larceny- shoplifting[0m
1336 [92m	79-other[0m
1118 [92m	97-search & seizure[0m
1108 [92m	24-towed vehicle[0m
1024 [92m	4c-agg. asslt.- oth.[0m
920 [92m	4b-agg. asslt.- cut[0m
633 [92m	55-disorderly person[0m
565 [92m	5a-burg. res. (force)[0m
460 [92m	115-trespassing[0m
437 [92m	75-destruct. of property[0m
425 [92m	4d-agg. asslt.- hand[0m
403 [92m	7a-stolen auto[0m
378 [92m	55a-prostitution[0m
361 [92m	3b-robb highway (ua)[0m
323 [92m	6d-larceny- from auto[0m
306 [92m	118-burglary - fourth degree[0m
271 [92m	54-armed person[0m
247 [92m	3af-robb hwy-firearm[0m
245 [92m	5d-burg. oth. (force)[0m
233 [92m	6j-larceny- other[0m
233 [92m	4ecommon assault[0m
215 [92m	4a-agg. asslt.- gun[0m
187 [92m	6g-larceny- from bldg.[0m
148 [92m	61-person wanted on war[0m
132 [92m	49-family disturbance[0m
104 [92m	3ak-robb hwy-knife[0m
100 [92m	26-recovered vehicle[0m
98 [92m	3d-robb comm. (ua)[0m
83 [92m	23-unauthorized use[0m
81 [92m	3k-robb res. (ua)[0m
76 [92m	5b-burg. res. (att.)[0m
69 [92m	3ao-robb hwy-other wpn[0m
67 [92m	78-gambling[0m
67 [92m	5c-burg. res. (noforce)[0m
66 [92m	4f-assault by threat[0m
65 [92m	111-protective order[0m
65 [92m	4cagg. asslt.- oth.[0m
63 [92m	88-unfounded call[0m
60 [92m	6e-larceny- auto acc[0m
56 [92m	3cf-robb comm-firearm[0m
51 [92m	6b-larceny- purse snatch[0m
46 [92m	4bagg. asslt.- cut[0m
45 [92m	5e-burg. oth. (att.)[0m
45 [92m	117-fto[0m
43 [92m	3ajf-robb carjack-firearm[0m
41 [92m	6clarceny- shoplifting[0m
39 [92m	5f-burg. oth. (noforce)[0m
39 [92m	2h-indecent exp.[0m
34 [92m	7c-stolen veh./other[0m
33 [92m	48-involuntary detention[0m
32 [92m	54armed person[0m
31 [92m	114-hindering[0m
30 [92m	118burglary - fourth degree[0m
29 [92m	2f-placing hands[0m
28 [92m	3ck-robb comm-knife[0m
28 [92m	4dagg. asslt.- hand[0m
28 [92m	20a-followup[0m
27 [92m	1a-murder[0m
27 [92m	3p-robb misc. (ua)[0m
26 [92m	81-recovered property[0m
25 [92m	118-burglary - fourth deg[0m
24 [92m	95-exparte[0m
24 [92m	3co-robb comm-other wpn[0m
23 [92m	7astolen auto[0m
23 [92m	3h-robb conv. stor.(ua)[0m
22 [92m	58-injured person[0m
22 [92m	5aburg. res. (force)[0m
21 [92m	75destruct. of property[0m
21 [92m	2a-rape (force)[0m
20 [92m	3jk-robb residence-knife[0m
19 [92m	6c-larceny- shopli[0m
19 [92m	109-loitering[0m
18 [92m	73-false pretense[0m
18 [92m	3jf-robb residence-firearm[0m
17 [92m	6f-larceny- bicycle[0m
17 [92m	85-mental case[0m
17 [92m	24towed vehicle[0m
16 [92m	108-liquor law/open containe[0m
16 [92m	3jo-robb residence-other wpn[0m
15 [92m	56-missing person[0m
14 [92m	75-destruct. of propert[0m
14 [92m	3bj-robb carjack(ua)[0m
14 [92m	6jlarceny- other[0m
13 [92m	79other[0m
13 [92m	67-child abuse-physical[0m
13 [92m	112-traffic related incident[0m
12 [92m	3brobb highway (ua)[0m
12 [92m	98-child neglect[0m
12 [92m	80-lost property[0m
12 [92m	96b-investigative stop[0m
12 [92m	3afrobb hwy-firearm[0m
11 [92m	87narcotics[0m
11 [92m	3drobb comm. (ua)[0m
11 [92m	2j-other sex offn.[0m
10 [92m	2g-sodomy/perverson[0m
10 [92m	26recovered vehicle[0m
10 [92m	3nf-robb misc-firearm[0m
10 [92m	4aagg. asslt.- gun[0m
10 [92m	29-driving while intox.[0m
10 [92m	83-discharging firearm[0m
9 [92m	2b-rape (attempt)[0m
9 [92m	112-traffic related inciden[0m
8 [92m	3aorobb hwy-other wpn[0m
8 [92m	3m-robb bank (ua)[0m
8 [92m	103-dead on arrival[0m
8 [92m	52a-animal cruelty[0m
7 [92m	3nk-robb misc-knife[0m
7 [92m	4d-agg. asslt.- ha[0m
7 [92m	2c-carnal knowledge[0m
7 [92m	3no-robb misc-other wpn[0m
7 [92m	4b-agg. asslt.- cu[0m
7 [92m	3akrobb hwy-knife[0m
6 [92m	6a-larceny- pickpocket[0m
6 [92m	20j-[0m
6 [92m	96-stop & frisk[0m
6 [92m	4c-agg. asslt.- ot[0m
6 [92m	59-intoxicated person[0m
6 [92m	76-child abuse-sexual[0m
6 [92m	23unauthorized use[0m
6 [92m	6glarceny- from bldg.[0m
6 [92m	75-destruct. of pr[0m
6 [92m	8ao-arson sin res str-occ[0m
5 [92m	3ajfrobb carjack-firearm[0m
5 [92m	115trespassing[0m
5 [92m	3ckrobb comm-knife[0m
5 [92m	3gf-robb conv store-firearm[0m
5 [92m	3krobb res. (ua)[0m
5 [92m	113-littering[0m
4 [92m	5a-burg. res. (for[0m
4 [92m	118-burglary - fourth degre[0m
4 [92m	5bburg. res. (att.)[0m
4 [92m	6dlarceny- from auto[0m
4 [92m	93-abduction - other[0m
4 [92m	8eo-arson oth comm str-occ[0m
4 [92m	119-issued in error[0m
4 [92m	39-fire[0m
4 [92m	3ek-robb gas station-knife[0m
4 [92m	3ajo-robb carjack-other wpn[0m
4 [92m	110-summons served[0m
3 [92m	6h-larceny- from machine[0m
3 [92m	7cstolen veh./other[0m
3 [92m	3ajk-robb carjack-knife[0m
3 [92m	5cburg. res. (noforce)[0m
3 [92m	3jkrobb residence-knife[0m
3 [92m	8j-arson other[0m
3 [92m	4fassault by threat[0m
3 [92m	3lo-robb bank-other wpn[0m
3 [92m	112-traffic related incid[0m
3 [92m	8bo-arson oth res str-occ[0m
3 [92m	119issued in error[0m
3 [92m	85mental case[0m
3 [92m	49family disturbance[0m
3 [92m	3go-robb conv store-other wp[0m
3 [92m	5dburg. oth. (force)[0m
3 [92m	3af-robb hwy-firea[0m
2 [92m	2d-statutory rape[0m
2 [92m	96binvestigative stop[0m
2 [92m	87v-narcotics (onview)[0m
2 [92m	117fto[0m
2 [92m	24p-towed vehicle - private[0m
2 [92m	3cfrobb comm-firearm[0m
2 [92m	105-suspicious burning[0m
2 [92m	2arape (force)[0m
2 [92m	5b-burg. res. (att[0m
2 [92m	6blarceny- purse snatch[0m
2 [92m	106-custody dispute[0m
2 [92m	87vnarcotics (onview)[0m
2 [92m	112-traffic relate[0m
2 [92m	86-special curfew[0m
2 [92m	2fplacing hands[0m
2 [92m	3ao-robb hwy-other[0m
2 [92m	116-public urination / defe[0m
2 [92m	81recovered property[0m
2 [92m	48-involuntary detentio[0m
2 [92m	102-questional death[0m
2 [92m	6l-larceny- from locker[0m
2 [92m	94-abduction by parent[0m
2 [92m	5fburg. oth. (noforce)[0m
2 [92m	70-sanitation complaint[0m
2 [92m	1amurder[0m
2 [92m	6flarceny- bicycle[0m
2 [92m	3f-robb gas sta. (ua)[0m
2 [92m	3jorobb residence-other wpn[0m
2 [92m	8h-arson motor veh[0m
2 [92m	6b-larceny- purse snatc[0m
2 [92m	6elarceny- auto acc[0m
2 [92m	3ef-robb gas station-firearm[0m
1 [92m	3lf-robb bank-firearm[0m
1 [92m	70a-ill. dumping[0m
1 [92m	111-protective ord[0m
1 [92m	3gk-robb conv store-knife[0m
1 [92m	3jf-robb residence-fire[0m
1 [92m	8av-arson sin res str-v[0m
1 [92m	5c-burg. res. (nof[0m
1 [92m	3corobb comm-other wpn[0m
1 [92m	3jo-robb residence[0m
1 [92m	4a-agg. asslt.- gu[0m
1 [92m	108-liquor law/open conta[0m
1 [92m	8ev-arson oth comm str-vac[0m
1 [92m	3jfrobb residence-firearm[0m
1 [92m	108-liquor law/open contain[0m
1 [92m	8aoarson sin res str-occ[0m
1 [92m	23-unauthorized us[0m
1 [92m	76child abuse-sexual[0m
1 [92m	96aweapons pat down[0m
1 [92m	5eburg. oth. (att.)[0m
1 [92m	2jother sex offn.[0m
1 [92m	3ef-robb gas station-fi[0m
1 [92m	71-sex offender registry[0m
1 [92m	96-investigative stop[0m
1 [92m	28-suicide - attempt[0m
1 [92m	107-drunkenness[0m
1 [92m	111protective order[0m
1 [92m	3bjrobb carjack(ua)[0m
1 [92m	3probb misc. (ua)[0m
1 [92m	3b-robb highway (u[0m
1 [92m	8fo-arson public str-occ[0m
1 [92m	3eo-robb gas station-other w[0m
1 [92m	3ajkrobb carjack-knife[0m
1 [92m	78gambling[0m
1 [92m	20h-traffic control[0m
1 [92m	3ajorobb carjack-other wpn[0m
[1m
=================================================================
[0m
[95m9785 arrests did not occur within 1 mile(s) of a CCTV[0m
4002 [92m	unknown offense[0m
1167 [92m	87-narcotics[0m
1033 [92m	4e-common assault[0m
318 [92m	6c-larceny- shoplifting[0m
290 [92m	97-search & seizure[0m
274 [92m	87o-narcotics (outside)[0m
262 [92m	24-towed vehicle[0m
222 [92m	4c-agg. asslt.- oth.[0m
190 [92m	79-other[0m
186 [92m	4b-agg. asslt.- cut[0m
148 [92m	5a-burg. res. (force)[0m
142 [92m	55a-prostitution[0m
113 [92m	75-destruct. of property[0m
96 [92m	55-disorderly person[0m
89 [92m	4d-agg. asslt.- hand[0m
82 [92m	118-burglary - fourth degree[0m
59 [92m	4ecommon assault[0m
56 [92m	6j-larceny- other[0m
54 [92m	5d-burg. oth. (force)[0m
53 [92m	49-family disturbance[0m
52 [92m	3b-robb highway (ua)[0m
51 [92m	7a-stolen auto[0m
51 [92m	6d-larceny- from auto[0m
49 [92m	115-trespassing[0m
46 [92m	4a-agg. asslt.- gun[0m
43 [92m	6g-larceny- from bldg.[0m
40 [92m	61-person wanted on war[0m
38 [92m	3af-robb hwy-firearm[0m
33 [92m	3k-robb res. (ua)[0m
28 [92m	54-armed person[0m
27 [92m	111-protective order[0m
24 [92m	26-recovered vehicle[0m
23 [92m	4f-assault by threat[0m
22 [92m	5b-burg. res. (att.)[0m
16 [92m	4cagg. asslt.- oth.[0m
16 [92m	4bagg. asslt.- cut[0m
16 [92m	23-unauthorized use[0m
15 [92m	5c-burg. res. (noforce)[0m
15 [92m	3d-robb comm. (ua)[0m
14 [92m	3ao-robb hwy-other wpn[0m
13 [92m	3ak-robb hwy-knife[0m
10 [92m	5aburg. res. (force)[0m
9 [92m	1a-murder[0m
9 [92m	114-hindering[0m
9 [92m	3ajf-robb carjack-firearm[0m
9 [92m	3cf-robb comm-firearm[0m
9 [92m	88-unfounded call[0m
8 [92m	73-false pretense[0m
8 [92m	4dagg. asslt.- hand[0m
8 [92m	6e-larceny- auto acc[0m
8 [92m	3krobb res. (ua)[0m
7 [92m	118burglary - fourth degree[0m
7 [92m	118-burglary - fourth deg[0m
6 [92m	79other[0m
6 [92m	95-exparte[0m
6 [92m	48-involuntary detention[0m
6 [92m	6b-larceny- purse snatch[0m
5 [92m	54armed person[0m
5 [92m	5e-burg. oth. (att.)[0m
5 [92m	6c-larceny- shopli[0m
5 [92m	3brobb highway (ua)[0m
5 [92m	85-mental case[0m
5 [92m	98-child neglect[0m
5 [92m	2h-indecent exp.[0m
5 [92m	75destruct. of property[0m
5 [92m	7astolen auto[0m
5 [92m	5dburg. oth. (force)[0m
4 [92m	3ck-robb comm-knife[0m
4 [92m	5f-burg. oth. (noforce)[0m
4 [92m	2a-rape (force)[0m
4 [92m	24towed vehicle[0m
4 [92m	3afrobb hwy-firearm[0m
3 [92m	87narcotics[0m
3 [92m	3p-robb misc. (ua)[0m
3 [92m	58-injured person[0m
3 [92m	117-fto[0m
3 [92m	78-gambling[0m
3 [92m	56-missing person[0m
3 [92m	6glarceny- from bldg.[0m
3 [92m	6dlarceny- from auto[0m
3 [92m	6jlarceny- other[0m
3 [92m	6clarceny- shoplifting[0m
3 [92m	3jf-robb residence-firearm[0m
3 [92m	4b-agg. asslt.- cu[0m
3 [92m	75-destruct. of propert[0m
3 [92m	3h-robb conv. stor.(ua)[0m
3 [92m	112-traffic related incident[0m
3 [92m	2f-placing hands[0m
2 [92m	3co-robb comm-other wpn[0m
2 [92m	5bburg. res. (att.)[0m
2 [92m	8j-arson other[0m
2 [92m	106-custody dispute[0m
2 [92m	3nf-robb misc-firearm[0m
2 [92m	67-child abuse-physical[0m
2 [92m	75-destruct. of pr[0m
2 [92m	81recovered property[0m
2 [92m	84-bomb scare[0m
2 [92m	3jk-robb residence-knife[0m
2 [92m	4c-agg. asslt.- ot[0m
2 [92m	96b-investigative stop[0m
2 [92m	83-discharging firearm[0m
2 [92m	103-dead on arrival[0m
2 [92m	81-recovered property[0m
1 [92m	3gk-robb conv store-knife[0m
1 [92m	6f-larceny- bicycle[0m
1 [92m	3aorobb hwy-other wpn[0m
1 [92m	55disorderly person[0m
1 [92m	49-family disturba[0m
1 [92m	2arape (force)[0m
1 [92m	118-burglary - fourth degre[0m
1 [92m	26recovered vehicle[0m
1 [92m	7c-stolen veh./other[0m
1 [92m	76-child abuse-sexual[0m
1 [92m	2b-rape (attempt)[0m
1 [92m	88unfounded call[0m
1 [92m	109-loitering[0m
1 [92m	86-special curfew[0m
1 [92m	5eburg. oth. (att.)[0m
1 [92m	4fassault by threat[0m
1 [92m	4f-assault by thre[0m
1 [92m	4d-agg. asslt.- ha[0m
1 [92m	2fplacing hands[0m
1 [92m	3gf-robb conv store-firearm[0m
1 [92m	3norobb misc-other wpn[0m
1 [92m	3drobb comm. (ua)[0m
1 [92m	77-dog bite[0m
1 [92m	93-abduction - other[0m
1 [92m	111protective order[0m
1 [92m	6flarceny- bicycle[0m
1 [92m	3f-robb gas sta. (ua)[0m
1 [92m	119-issued in error[0m
1 [92m	41-human trafficking[0m
1 [92m	8bo-arson oth res str-occ[0m
1 [92m	2j-other sex offn.[0m
1 [92m	5d-burg. oth. (for[0m
1 [92m	119issued in error[0m
1 [92m	29-driving while intox.[0m
1 [92m	67child abuse-physical[0m
1 [92m	3ek-robb gas station-knife[0m
1 [92m	3hrobb conv. stor.(ua)[0m
1 [92m	5b-burg. res. (att[0m
1 [92m	8ao-arson sin res str-occ[0m
1 [92m	3jo-robb residence-other wpn[0m
1 [92m	20a-followup[0m
1 [92m	52a-animal cruelty[0m
1 [92m	96-investigative stop[0m
1 [92m	2brape (attempt)[0m
