25199 arrests occured within 0.1 mile(s) of a CCTV
11377 	unknown offense
4589 	87-narcotics
1761 	4e-common assault
904 	87o-narcotics (outside)
705 	6c-larceny- shoplifting
584 	79-other
412 	97-search & seizure
403 	24-towed vehicle
392 	4c-agg. asslt.- oth.
385 	4b-agg. asslt.- cut
332 	55-disorderly person
210 	115-trespassing
193 	5a-burg. res. (force)
183 	3b-robb highway (ua)
166 	7a-stolen auto
158 	75-destruct. of property
154 	4d-agg. asslt.- hand
132 	6d-larceny- from auto
124 	54-armed person
121 	118-burglary - fourth degree
111 	3af-robb hwy-firearm
96 	55a-prostitution
92 	5d-burg. oth. (force)
89 	4ecommon assault
85 	6j-larceny- other
83 	6g-larceny- from bldg.
76 	4a-agg. asslt.- gun
62 	49-family disturbance
60 	61-person wanted on war
52 	3d-robb comm. (ua)
46 	3ak-robb hwy-knife
36 	26-recovered vehicle
36 	78-gambling
34 	23-unauthorized use
29 	4f-assault by threat
28 	5b-burg. res. (att.)
28 	88-unfounded call
26 	3ao-robb hwy-other wpn
24 	4cagg. asslt.- oth.
24 	6b-larceny- purse snatch
23 	3k-robb res. (ua)
23 	6e-larceny- auto acc
23 	5c-burg. res. (noforce)
21 	117-fto
20 	111-protective order
20 	3cf-robb comm-firearm
19 	48-involuntary detention
17 	1a-murder
17 	3p-robb misc. (ua)
16 	3ck-robb comm-knife
16 	4bagg. asslt.- cut
16 	2h-indecent exp.
16 	118-burglary - fourth deg
16 	2f-placing hands
15 	54armed person
15 	6clarceny- shoplifting
14 	5f-burg. oth. (noforce)
13 	20a-followup
12 	5e-burg. oth. (att.)
12 	3co-robb comm-other wpn
12 	3h-robb conv. stor.(ua)
11 	108-liquor law/open containe
11 	118burglary - fourth degree
11 	3jk-robb residence-knife
11 	2a-rape (force)
10 	73-false pretense
10 	7c-stolen veh./other
10 	3brobb highway (ua)
10 	109-loitering
10 	4dagg. asslt.- hand
10 	5aburg. res. (force)
10 	7astolen auto
9 	58-injured person
9 	114-hindering
8 	3ajf-robb carjack-firearm
8 	85-mental case
8 	75destruct. of property
8 	96b-investigative stop
8 	3afrobb hwy-firearm
7 	95-exparte
7 	6c-larceny- shopli
7 	56-missing person
7 	80-lost property
7 	3jf-robb residence-firearm
7 	3jo-robb residence-other wpn
7 	81-recovered property
6 	87narcotics
6 	3no-robb misc-other wpn
6 	3nk-robb misc-knife
6 	112-traffic related incident
5 	6a-larceny- pickpocket
5 	6f-larceny- bicycle
5 	20j-
5 	79other
5 	3nf-robb misc-firearm
5 	2b-rape (attempt)
5 	3drobb comm. (ua)
5 	4aagg. asslt.- gun
5 	75-destruct. of propert
5 	24towed vehicle
4 	3aorobb hwy-other wpn
4 	3bj-robb carjack(ua)
4 	113-littering
4 	112-traffic related inciden
3 	5cburg. res. (noforce)
3 	4c-agg. asslt.- ot
3 	5bburg. res. (att.)
3 	59-intoxicated person
3 	2c-carnal knowledge
3 	3gf-robb conv store-firearm
3 	6jlarceny- other
3 	2j-other sex offn.
3 	75-destruct. of pr
3 	4b-agg. asslt.- cu
3 	83-discharging firearm
3 	52a-animal cruelty
2 	3ajfrobb carjack-firearm
2 	5a-burg. res. (for
2 	117fto
2 	3ajk-robb carjack-knife
2 	39-fire
2 	115trespassing
2 	118-burglary - fourth degre
2 	8h-arson motor veh
2 	2g-sodomy/perverson
2 	5b-burg. res. (att
2 	26recovered vehicle
2 	98-child neglect
2 	3ao-robb hwy-other
2 	48-involuntary detentio
2 	6l-larceny- from locker
2 	94-abduction by parent
2 	112-traffic related incid
2 	93-abduction - other
2 	8bo-arson oth res str-occ
2 	29-driving while intox.
2 	3go-robb conv store-other wp
2 	24p-towed vehicle - private
2 	3akrobb hwy-knife
1 	6h-larceny- from machine
1 	3lf-robb bank-firearm
1 	70a-ill. dumping
1 	111-protective ord
1 	3gk-robb conv store-knife
1 	87v-narcotics (onview)
1 	96-stop & frisk
1 	3jf-robb residence-fire
1 	8av-arson sin res str-v
1 	3cfrobb comm-firearm
1 	4a-agg. asslt.- gu
1 	108-liquor law/open conta
1 	3ckrobb comm-knife
1 	3m-robb bank (ua)
1 	108-liquor law/open contain
1 	2arape (force)
1 	8j-arson other
1 	96aweapons pat down
1 	67-child abuse-physical
1 	5eburg. oth. (att.)
1 	8ev-arson oth comm str-vac
1 	4d-agg. asslt.- ha
1 	3ef-robb gas station-fi
1 	23unauthorized use
1 	86-special curfew
1 	2fplacing hands
1 	6glarceny- from bldg.
1 	116-public urination / defe
1 	81recovered property
1 	102-questional death
1 	71-sex offender registry
1 	5fburg. oth. (noforce)
1 	1amurder
1 	6flarceny- bicycle
1 	8eo-arson oth comm str-occ
1 	119issued in error
1 	49family disturbance
1 	3eo-robb gas station-other w
1 	3ek-robb gas station-knife
1 	3ajkrobb carjack-knife
1 	110-summons served
1 	6elarceny- auto acc
1 	8ao-arson sin res str-occ
1 	78gambling
1 	103-dead on arrival
1 	3krobb res. (ua)
1 	3af-robb hwy-firea
1 	96-investigative stop

=================================================================

42138 arrests did not occur within 0.1 mile(s) of a CCTV
17748 	unknown offense
6228 	87-narcotics
3775 	4e-common assault
1407 	87o-narcotics (outside)
1318 	6c-larceny- shoplifting
996 	97-search & seizure
967 	24-towed vehicle
942 	79-other
854 	4c-agg. asslt.- oth.
721 	4b-agg. asslt.- cut
520 	5a-burg. res. (force)
424 	55a-prostitution
397 	55-disorderly person
392 	75-destruct. of property
360 	4d-agg. asslt.- hand
299 	115-trespassing
288 	7a-stolen auto
267 	118-burglary - fourth degree
242 	6d-larceny- from auto
230 	3b-robb highway (ua)
207 	5d-burg. oth. (force)
204 	6j-larceny- other
203 	4ecommon assault
185 	4a-agg. asslt.- gun
175 	54-armed person
174 	3af-robb hwy-firearm
147 	6g-larceny- from bldg.
128 	61-person wanted on war
123 	49-family disturbance
91 	3k-robb res. (ua)
88 	26-recovered vehicle
72 	111-protective order
71 	3ak-robb hwy-knife
70 	5b-burg. res. (att.)
65 	23-unauthorized use
61 	3d-robb comm. (ua)
60 	4f-assault by threat
59 	5c-burg. res. (noforce)
57 	4cagg. asslt.- oth.
57 	3ao-robb hwy-other wpn
46 	4bagg. asslt.- cut
45 	3cf-robb comm-firearm
45 	6e-larceny- auto acc
44 	3ajf-robb carjack-firearm
44 	88-unfounded call
38 	5e-burg. oth. (att.)
34 	78-gambling
33 	6b-larceny- purse snatch
31 	114-hindering
29 	5f-burg. oth. (noforce)
29 	6clarceny- shoplifting
28 	2h-indecent exp.
27 	117-fto
26 	4dagg. asslt.- hand
26 	118burglary - fourth degree
25 	7c-stolen veh./other
23 	95-exparte
22 	54armed person
22 	5aburg. res. (force)
21 	81-recovered property
20 	48-involuntary detention
19 	1a-murder
18 	75destruct. of property
18 	7astolen auto
17 	6c-larceny- shopli
16 	73-false pretense
16 	58-injured person
16 	3ck-robb comm-knife
16 	24towed vehicle
16 	118-burglary - fourth deg
16 	20a-followup
16 	2f-placing hands
15 	98-child neglect
14 	3jf-robb residence-firearm
14 	79other
14 	67-child abuse-physical
14 	85-mental case
14 	6jlarceny- other
14 	3co-robb comm-other wpn
14 	2a-rape (force)
14 	3h-robb conv. stor.(ua)
13 	6f-larceny- bicycle
13 	3p-robb misc. (ua)
12 	75-destruct. of propert
12 	3krobb res. (ua)
11 	56-missing person
11 	3jk-robb residence-knife
10 	109-loitering
10 	3bj-robb carjack(ua)
10 	3jo-robb residence-other wpn
10 	112-traffic related incident
9 	26recovered vehicle
9 	2j-other sex offn.
9 	29-driving while intox.
9 	83-discharging firearm
9 	103-dead on arrival
8 	87narcotics
8 	2g-sodomy/perverson
8 	6glarceny- from bldg.
8 	5dburg. oth. (force)
8 	3afrobb hwy-firearm
7 	76-child abuse-sexual
7 	3brobb highway (ua)
7 	3m-robb bank (ua)
7 	3nf-robb misc-firearm
7 	4d-agg. asslt.- ha
7 	3drobb comm. (ua)
7 	6dlarceny- from auto
7 	4b-agg. asslt.- cu
6 	96b-investigative stop
6 	8ao-arson sin res str-occ
6 	52a-animal cruelty
5 	96-stop & frisk
5 	3aorobb hwy-other wpn
5 	4c-agg. asslt.- ot
5 	108-liquor law/open containe
5 	2b-rape (attempt)
5 	23unauthorized use
5 	80-lost property
5 	119-issued in error
5 	75-destruct. of pr
5 	4aagg. asslt.- gun
5 	3akrobb hwy-knife
5 	112-traffic related inciden
4 	3ckrobb comm-knife
4 	8j-arson other
4 	106-custody dispute
4 	4fassault by threat
4 	2c-carnal knowledge
4 	3ek-robb gas station-knife
4 	3ajo-robb carjack-other wpn
3 	3ajfrobb carjack-firearm
3 	7cstolen veh./other
3 	110-summons served
3 	3lo-robb bank-other wpn
3 	115trespassing
3 	118-burglary - fourth degre
3 	5bburg. res. (att.)
3 	59-intoxicated person
3 	3jkrobb residence-knife
3 	3gf-robb conv store-firearm
3 	81recovered property
3 	93-abduction - other
3 	8eo-arson oth comm str-occ
3 	3f-robb gas sta. (ua)
3 	119issued in error
3 	85mental case
2 	2d-statutory rape
2 	96binvestigative stop
2 	6h-larceny- from machine
2 	5a-burg. res. (for
2 	105-suspicious burning
2 	6blarceny- purse snatch
2 	87vnarcotics (onview)
2 	112-traffic relate
2 	86-special curfew
2 	2fplacing hands
2 	84-bomb scare
2 	70-sanitation complaint
2 	111protective order
2 	6flarceny- bicycle
2 	8bo-arson oth res str-occ
2 	3jorobb residence-other wpn
2 	2arape (force)
2 	49family disturbance
2 	39-fire
2 	3af-robb hwy-firea
2 	3ef-robb gas station-firearm
2 	6b-larceny- purse snatc
1 	116-public urination / defe
1 	6a-larceny- pickpocket
1 	3gk-robb conv store-knife
1 	20j-
1 	87v-narcotics (onview)
1 	3ajk-robb carjack-knife
1 	5c-burg. res. (nof
1 	3nk-robb misc-knife
1 	3corobb comm-other wpn
1 	55disorderly person
1 	3cfrobb comm-firearm
1 	3jo-robb residence
1 	49-family disturba
1 	5d-burg. oth. (for
1 	3jfrobb residence-firearm
1 	8aoarson sin res str-occ
1 	23-unauthorized us
1 	76child abuse-sexual
1 	88unfounded call
1 	5eburg. oth. (att.)
1 	2jother sex offn.
1 	3norobb misc-other wpn
1 	96-investigative stop
1 	77-dog bite
1 	102-questional death
1 	28-suicide - attempt
1 	107-drunkenness
1 	5fburg. oth. (noforce)
1 	112-traffic related incid
1 	1amurder
1 	3bjrobb carjack(ua)
1 	41-human trafficking
1 	4f-assault by thre
1 	3probb misc. (ua)
1 	3b-robb highway (u
1 	67child abuse-physical
1 	8fo-arson public str-occ
1 	3go-robb conv store-other wp
1 	3no-robb misc-other wpn
1 	3hrobb conv. stor.(ua)
1 	6elarceny- auto acc
1 	5b-burg. res. (att
1 	20h-traffic control
1 	113-littering
1 	3ajorobb carjack-other wpn
1 	2brape (attempt)
=================================================================
=================================================================
=================================================================
35025 arrests occured within 0.2 mile(s) of a CCTV
15964 	unknown offense
6287 	87-narcotics
2460 	4e-common assault
1264 	87o-narcotics (outside)
857 	6c-larceny- shoplifting
790 	79-other
623 	97-search & seizure
590 	24-towed vehicle
580 	4c-agg. asslt.- oth.
520 	4b-agg. asslt.- cut
420 	55-disorderly person
288 	5a-burg. res. (force)
272 	115-trespassing
237 	75-destruct. of property
236 	7a-stolen auto
222 	3b-robb highway (ua)
221 	4d-agg. asslt.- hand
186 	118-burglary - fourth degree
182 	6d-larceny- from auto
172 	54-armed person
145 	55a-prostitution
144 	3af-robb hwy-firearm
139 	4ecommon assault
123 	5d-burg. oth. (force)
115 	6j-larceny- other
108 	4a-agg. asslt.- gun
107 	6g-larceny- from bldg.
86 	61-person wanted on war
86 	49-family disturbance
60 	3d-robb comm. (ua)
58 	3ak-robb hwy-knife
57 	78-gambling
52 	26-recovered vehicle
45 	23-unauthorized use
42 	3k-robb res. (ua)
42 	5b-burg. res. (att.)
42 	88-unfounded call
40 	4f-assault by threat
37 	3ao-robb hwy-other wpn
35 	111-protective order
35 	4cagg. asslt.- oth.
33 	6b-larceny- purse snatch
29 	6e-larceny- auto acc
27 	117-fto
27 	5c-burg. res. (noforce)
26 	4bagg. asslt.- cut
25 	3cf-robb comm-firearm
23 	48-involuntary detention
22 	3p-robb misc. (ua)
21 	3ajf-robb carjack-firearm
20 	3ck-robb comm-knife
19 	5f-burg. oth. (noforce)
19 	7c-stolen veh./other
19 	6clarceny- shoplifting
19 	2h-indecent exp.
19 	2f-placing hands
18 	1a-murder
18 	5e-burg. oth. (att.)
18 	118burglary - fourth degree
17 	118-burglary - fourth deg
16 	114-hindering
16 	2a-rape (force)
15 	54armed person
15 	20a-followup
14 	109-loitering
14 	3co-robb comm-other wpn
14 	4dagg. asslt.- hand
14 	3h-robb conv. stor.(ua)
13 	75destruct. of property
13 	7astolen auto
12 	56-missing person
12 	5aburg. res. (force)
12 	81-recovered property
11 	58-injured person
11 	95-exparte
11 	108-liquor law/open containe
11 	3brobb highway (ua)
11 	3bj-robb carjack(ua)
11 	3jk-robb residence-knife
11 	3jf-robb residence-firearm
10 	73-false pretense
10 	85-mental case
10 	80-lost property
10 	3afrobb hwy-firearm
9 	75-destruct. of propert
9 	3drobb comm. (ua)
9 	24towed vehicle
8 	87narcotics
8 	79other
8 	6c-larceny- shopli
8 	96b-investigative stop
8 	3jo-robb residence-other wpn
7 	2g-sodomy/perverson
7 	26recovered vehicle
7 	2b-rape (attempt)
7 	112-traffic related incident
6 	6a-larceny- pickpocket
6 	6f-larceny- bicycle
6 	20j-
6 	3nk-robb misc-knife
6 	4c-agg. asslt.- ot
6 	3nf-robb misc-firearm
6 	2j-other sex offn.
6 	3no-robb misc-other wpn
5 	76-child abuse-sexual
5 	67-child abuse-physical
5 	6jlarceny- other
5 	75-destruct. of pr
5 	4aagg. asslt.- gun
5 	112-traffic related inciden
4 	3aorobb hwy-other wpn
4 	3m-robb bank (ua)
4 	5bburg. res. (att.)
4 	59-intoxicated person
4 	2c-carnal knowledge
4 	4b-agg. asslt.- cu
4 	83-discharging firearm
4 	113-littering
3 	5a-burg. res. (for
3 	5cburg. res. (noforce)
3 	23unauthorized use
3 	3gf-robb conv store-firearm
3 	6glarceny- from bldg.
3 	29-driving while intox.
3 	3go-robb conv store-other wp
3 	103-dead on arrival
3 	3krobb res. (ua)
3 	52a-animal cruelty
2 	2d-statutory rape
2 	3ajfrobb carjack-firearm
2 	6h-larceny- from machine
2 	117fto
2 	3ajk-robb carjack-knife
2 	39-fire
2 	115trespassing
2 	3ckrobb comm-knife
2 	118-burglary - fourth degre
2 	8h-arson motor veh
2 	5b-burg. res. (att
2 	8j-arson other
2 	106-custody dispute
2 	98-child neglect
2 	3ao-robb hwy-other
2 	81recovered property
2 	6dlarceny- from auto
2 	48-involuntary detentio
2 	6l-larceny- from locker
2 	94-abduction by parent
2 	5fburg. oth. (noforce)
2 	70-sanitation complaint
2 	112-traffic related incid
2 	119-issued in error
2 	93-abduction - other
2 	8bo-arson oth res str-occ
2 	49family disturbance
2 	3ajo-robb carjack-other wpn
2 	110-summons served
2 	24p-towed vehicle - private
2 	3af-robb hwy-firea
2 	3akrobb hwy-knife
1 	7cstolen veh./other
1 	3lf-robb bank-firearm
1 	70a-ill. dumping
1 	111-protective ord
1 	3gk-robb conv store-knife
1 	87v-narcotics (onview)
1 	96-stop & frisk
1 	3jf-robb residence-fire
1 	8av-arson sin res str-v
1 	3cfrobb comm-firearm
1 	4a-agg. asslt.- gu
1 	108-liquor law/open conta
1 	8ev-arson oth comm str-vac
1 	108-liquor law/open contain
1 	2arape (force)
1 	6blarceny- purse snatch
1 	76child abuse-sexual
1 	96aweapons pat down
1 	5eburg. oth. (att.)
1 	4fassault by threat
1 	4d-agg. asslt.- ha
1 	3ef-robb gas station-fi
1 	86-special curfew
1 	2fplacing hands
1 	116-public urination / defe
1 	102-questional death
1 	107-drunkenness
1 	71-sex offender registry
1 	1amurder
1 	6flarceny- bicycle
1 	8eo-arson oth comm str-occ
1 	119issued in error
1 	3eo-robb gas station-other w
1 	6b-larceny- purse snatc
1 	3ek-robb gas station-knife
1 	3ajkrobb carjack-knife
1 	6elarceny- auto acc
1 	8ao-arson sin res str-occ
1 	78gambling
1 	96-investigative stop
1 	3ef-robb gas station-firearm

=================================================================

32312 arrests did not occur within 0.2 mile(s) of a CCTV
13161 	unknown offense
4530 	87-narcotics
3076 	4e-common assault
1166 	6c-larceny- shoplifting
1047 	87o-narcotics (outside)
785 	97-search & seizure
780 	24-towed vehicle
736 	79-other
666 	4c-agg. asslt.- oth.
586 	4b-agg. asslt.- cut
425 	5a-burg. res. (force)
375 	55a-prostitution
313 	75-destruct. of property
309 	55-disorderly person
293 	4d-agg. asslt.- hand
237 	115-trespassing
218 	7a-stolen auto
202 	118-burglary - fourth degree
192 	6d-larceny- from auto
191 	3b-robb highway (ua)
176 	5d-burg. oth. (force)
174 	6j-larceny- other
153 	4a-agg. asslt.- gun
153 	4ecommon assault
141 	3af-robb hwy-firearm
127 	54-armed person
123 	6g-larceny- from bldg.
102 	61-person wanted on war
99 	49-family disturbance
72 	26-recovered vehicle
72 	3k-robb res. (ua)
59 	3ak-robb hwy-knife
57 	111-protective order
56 	5b-burg. res. (att.)
55 	5c-burg. res. (noforce)
54 	23-unauthorized use
53 	3d-robb comm. (ua)
49 	4f-assault by threat
46 	4cagg. asslt.- oth.
46 	3ao-robb hwy-other wpn
40 	3cf-robb comm-firearm
39 	6e-larceny- auto acc
36 	4bagg. asslt.- cut
32 	5e-burg. oth. (att.)
31 	3ajf-robb carjack-firearm
30 	88-unfounded call
25 	6clarceny- shoplifting
25 	2h-indecent exp.
24 	5f-burg. oth. (noforce)
24 	114-hindering
24 	6b-larceny- purse snatch
22 	54armed person
22 	4dagg. asslt.- hand
21 	117-fto
20 	5aburg. res. (force)
19 	95-exparte
19 	118burglary - fourth degree
18 	1a-murder
16 	73-false pretense
16 	7c-stolen veh./other
16 	6c-larceny- shopli
16 	48-involuntary detention
16 	81-recovered property
15 	98-child neglect
15 	118-burglary - fourth deg
15 	7astolen auto
14 	58-injured person
14 	20a-followup
13 	78-gambling
13 	75destruct. of property
13 	2f-placing hands
12 	6f-larceny- bicycle
12 	3ck-robb comm-knife
12 	85-mental case
12 	6jlarceny- other
12 	3co-robb comm-other wpn
12 	24towed vehicle
12 	3h-robb conv. stor.(ua)
11 	79other
11 	3jk-robb residence-knife
10 	3jf-robb residence-firearm
10 	67-child abuse-physical
10 	3krobb res. (ua)
9 	2a-rape (force)
9 	3jo-robb residence-other wpn
9 	112-traffic related incident
8 	3p-robb misc. (ua)
8 	29-driving while intox.
8 	75-destruct. of propert
8 	83-discharging firearm
8 	5dburg. oth. (force)
7 	4d-agg. asslt.- ha
7 	103-dead on arrival
6 	6glarceny- from bldg.
6 	87narcotics
6 	56-missing person
6 	3brobb highway (ua)
6 	3nf-robb misc-firearm
6 	109-loitering
6 	2j-other sex offn.
6 	4b-agg. asslt.- cu
6 	96b-investigative stop
6 	8ao-arson sin res str-occ
6 	52a-animal cruelty
6 	3afrobb hwy-firearm
5 	96-stop & frisk
5 	3aorobb hwy-other wpn
5 	108-liquor law/open containe
5 	6dlarceny- from auto
5 	4aagg. asslt.- gun
5 	3akrobb hwy-knife
4 	26recovered vehicle
4 	3m-robb bank (ua)
4 	3ek-robb gas station-knife
4 	112-traffic related inciden
3 	3ajfrobb carjack-firearm
3 	3lo-robb bank-other wpn
3 	115trespassing
3 	3ckrobb comm-knife
3 	118-burglary - fourth degre
3 	3jkrobb residence-knife
3 	2g-sodomy/perverson
3 	8j-arson other
3 	2b-rape (attempt)
3 	4fassault by threat
3 	23unauthorized use
3 	2c-carnal knowledge
3 	3gf-robb conv store-firearm
3 	75-destruct. of pr
3 	3drobb comm. (ua)
3 	3bj-robb carjack(ua)
3 	93-abduction - other
3 	8eo-arson oth comm str-occ
3 	3f-robb gas sta. (ua)
3 	119-issued in error
3 	119issued in error
3 	85mental case
2 	3ajo-robb carjack-other wpn
2 	7cstolen veh./other
2 	4c-agg. asslt.- ot
2 	5bburg. res. (att.)
2 	59-intoxicated person
2 	2arape (force)
2 	106-custody dispute
2 	76-child abuse-sexual
2 	87vnarcotics (onview)
2 	112-traffic relate
2 	2fplacing hands
2 	96binvestigative stop
2 	81recovered property
2 	105-suspicious burning
2 	84-bomb scare
2 	80-lost property
2 	86-special curfew
2 	111protective order
2 	6flarceny- bicycle
2 	8bo-arson oth res str-occ
2 	3jorobb residence-other wpn
2 	110-summons served
2 	39-fire
1 	6h-larceny- from machine
1 	116-public urination / defe
1 	5a-burg. res. (for
1 	3gk-robb conv store-knife
1 	87v-narcotics (onview)
1 	3ajk-robb carjack-knife
1 	5c-burg. res. (nof
1 	3corobb comm-other wpn
1 	55disorderly person
1 	3cfrobb comm-firearm
1 	3jo-robb residence
1 	49-family disturba
1 	5d-burg. oth. (for
1 	3jfrobb residence-firearm
1 	8aoarson sin res str-occ
1 	23-unauthorized us
1 	6blarceny- purse snatch
1 	88unfounded call
1 	5eburg. oth. (att.)
1 	2jother sex offn.
1 	3norobb misc-other wpn
1 	77-dog bite
1 	102-questional death
1 	28-suicide - attempt
1 	112-traffic related incid
1 	1amurder
1 	3bjrobb carjack(ua)
1 	41-human trafficking
1 	4f-assault by thre
1 	3probb misc. (ua)
1 	3nk-robb misc-knife
1 	3b-robb highway (u
1 	67child abuse-physical
1 	8fo-arson public str-occ
1 	49family disturbance
1 	3no-robb misc-other wpn
1 	3hrobb conv. stor.(ua)
1 	6elarceny- auto acc
1 	5b-burg. res. (att
1 	3af-robb hwy-firea
1 	96-investigative stop
1 	3ef-robb gas station-firearm
1 	20h-traffic control
1 	113-littering
1 	3ajorobb carjack-other wpn
1 	2brape (attempt)
1 	6b-larceny- purse snatc
=================================================================
=================================================================
=================================================================
41160 arrests occured within 0.3 mile(s) of a CCTV
18565 	unknown offense
7236 	87-narcotics
3023 	4e-common assault
1482 	87o-narcotics (outside)
1075 	6c-larceny- shoplifting
932 	79-other
733 	97-search & seizure
715 	24-towed vehicle
681 	4c-agg. asslt.- oth.
626 	4b-agg. asslt.- cut
487 	55-disorderly person
360 	5a-burg. res. (force)
325 	115-trespassing
282 	75-destruct. of property
281 	4d-agg. asslt.- hand
278 	7a-stolen auto
248 	3b-robb highway (ua)
230 	118-burglary - fourth degree
204 	6d-larceny- from auto
203 	54-armed person
181 	55a-prostitution
164 	4ecommon assault
161 	3af-robb hwy-firearm
159 	5d-burg. oth. (force)
152 	6j-larceny- other
138 	4a-agg. asslt.- gun
135 	6g-larceny- from bldg.
103 	61-person wanted on war
97 	49-family disturbance
72 	3d-robb comm. (ua)
69 	26-recovered vehicle
67 	3ak-robb hwy-knife
57 	78-gambling
55 	3k-robb res. (ua)
50 	23-unauthorized use
47 	4f-assault by threat
47 	3ao-robb hwy-other wpn
46 	5b-burg. res. (att.)
46 	88-unfounded call
42 	111-protective order
41 	4cagg. asslt.- oth.
39 	6b-larceny- purse snatch
37 	6e-larceny- auto acc
36 	5c-burg. res. (noforce)
35 	3cf-robb comm-firearm
32 	117-fto
30 	3ajf-robb carjack-firearm
30 	4bagg. asslt.- cut
28 	48-involuntary detention
26 	5e-burg. oth. (att.)
24 	7c-stolen veh./other
24 	6clarceny- shoplifting
24 	2h-indecent exp.
23 	5f-burg. oth. (noforce)
23 	3ck-robb comm-knife
23 	2f-placing hands
22 	1a-murder
22 	3p-robb misc. (ua)
21 	54armed person
20 	118burglary - fourth degree
20 	114-hindering
19 	3co-robb comm-other wpn
18 	20a-followup
17 	118-burglary - fourth deg
17 	7astolen auto
16 	109-loitering
16 	4dagg. asslt.- hand
16 	2a-rape (force)
16 	3h-robb conv. stor.(ua)
15 	58-injured person
15 	95-exparte
15 	75destruct. of property
14 	3jk-robb residence-knife
14 	5aburg. res. (force)
13 	73-false pretense
13 	56-missing person
13 	3jf-robb residence-firearm
13 	108-liquor law/open containe
13 	85-mental case
13 	81-recovered property
12 	3afrobb hwy-firearm
11 	6c-larceny- shopli
11 	3brobb highway (ua)
11 	3bj-robb carjack(ua)
10 	75-destruct. of propert
10 	3drobb comm. (ua)
10 	80-lost property
10 	24towed vehicle
10 	112-traffic related incident
9 	6f-larceny- bicycle
9 	79other
9 	98-child neglect
9 	96b-investigative stop
9 	3jo-robb residence-other wpn
8 	87narcotics
8 	2g-sodomy/perverson
7 	26recovered vehicle
7 	3nf-robb misc-firearm
7 	2b-rape (attempt)
7 	6jlarceny- other
7 	4aagg. asslt.- gun
6 	6a-larceny- pickpocket
6 	20j-
6 	3nk-robb misc-knife
6 	4c-agg. asslt.- ot
6 	67-child abuse-physical
6 	2j-other sex offn.
6 	3no-robb misc-other wpn
6 	112-traffic related inciden
5 	76-child abuse-sexual
5 	2c-carnal knowledge
5 	75-destruct. of pr
5 	4b-agg. asslt.- cu
5 	29-driving while intox.
5 	83-discharging firearm
4 	3aorobb hwy-other wpn
4 	3m-robb bank (ua)
4 	5bburg. res. (att.)
4 	59-intoxicated person
4 	6dlarceny- from auto
4 	113-littering
3 	3ajfrobb carjack-firearm
3 	5a-burg. res. (for
3 	96-stop & frisk
3 	5cburg. res. (noforce)
3 	23unauthorized use
3 	3gf-robb conv store-firearm
3 	6glarceny- from bldg.
3 	93-abduction - other
3 	3go-robb conv store-other wp
3 	3ajo-robb carjack-other wpn
3 	103-dead on arrival
3 	3krobb res. (ua)
3 	3af-robb hwy-firea
3 	3akrobb hwy-knife
3 	52a-animal cruelty
2 	2d-statutory rape
2 	6h-larceny- from machine
2 	117fto
2 	3ajk-robb carjack-knife
2 	115trespassing
2 	3ckrobb comm-knife
2 	118-burglary - fourth degre
2 	3jkrobb residence-knife
2 	8h-arson motor veh
2 	5b-burg. res. (att
2 	8j-arson other
2 	106-custody dispute
2 	3ao-robb hwy-other
2 	81recovered property
2 	48-involuntary detentio
2 	6l-larceny- from locker
2 	94-abduction by parent
2 	5fburg. oth. (noforce)
2 	70-sanitation complaint
2 	112-traffic related incid
2 	1amurder
2 	8eo-arson oth comm str-occ
2 	119-issued in error
2 	8bo-arson oth res str-occ
2 	49family disturbance
2 	39-fire
2 	110-summons served
2 	24p-towed vehicle - private
2 	8ao-arson sin res str-occ
1 	7cstolen veh./other
1 	3lf-robb bank-firearm
1 	70a-ill. dumping
1 	111-protective ord
1 	3gk-robb conv store-knife
1 	87v-narcotics (onview)
1 	3jf-robb residence-fire
1 	8av-arson sin res str-v
1 	3corobb comm-other wpn
1 	3cfrobb comm-firearm
1 	4a-agg. asslt.- gu
1 	108-liquor law/open conta
1 	8ev-arson oth comm str-vac
1 	3jfrobb residence-firearm
1 	108-liquor law/open contain
1 	2arape (force)
1 	6blarceny- purse snatch
1 	76child abuse-sexual
1 	96aweapons pat down
1 	87vnarcotics (onview)
1 	112-traffic relate
1 	5eburg. oth. (att.)
1 	4fassault by threat
1 	4d-agg. asslt.- ha
1 	3ef-robb gas station-fi
1 	86-special curfew
1 	2fplacing hands
1 	116-public urination / defe
1 	96-investigative stop
1 	102-questional death
1 	107-drunkenness
1 	71-sex offender registry
1 	6flarceny- bicycle
1 	3jorobb residence-other wpn
1 	119issued in error
1 	3eo-robb gas station-other w
1 	6b-larceny- purse snatc
1 	3ek-robb gas station-knife
1 	3ajkrobb carjack-knife
1 	6elarceny- auto acc
1 	78gambling
1 	3ef-robb gas station-firearm
1 	20h-traffic control
1 	3ajorobb carjack-other wpn

=================================================================

26177 arrests did not occur within 0.3 mile(s) of a CCTV
10560 	unknown offense
3581 	87-narcotics
2513 	4e-common assault
948 	6c-larceny- shoplifting
829 	87o-narcotics (outside)
675 	97-search & seizure
655 	24-towed vehicle
594 	79-other
565 	4c-agg. asslt.- oth.
480 	4b-agg. asslt.- cut
353 	5a-burg. res. (force)
339 	55a-prostitution
268 	75-destruct. of property
242 	55-disorderly person
233 	4d-agg. asslt.- hand
184 	115-trespassing
176 	7a-stolen auto
170 	6d-larceny- from auto
165 	3b-robb highway (ua)
158 	118-burglary - fourth degree
140 	5d-burg. oth. (force)
137 	6j-larceny- other
128 	4ecommon assault
124 	3af-robb hwy-firearm
123 	4a-agg. asslt.- gun
96 	54-armed person
95 	6g-larceny- from bldg.
88 	49-family disturbance
85 	61-person wanted on war
59 	3k-robb res. (ua)
55 	26-recovered vehicle
52 	5b-burg. res. (att.)
50 	111-protective order
50 	3ak-robb hwy-knife
49 	23-unauthorized use
46 	5c-burg. res. (noforce)
42 	4f-assault by threat
41 	3d-robb comm. (ua)
40 	4cagg. asslt.- oth.
36 	3ao-robb hwy-other wpn
32 	4bagg. asslt.- cut
31 	6e-larceny- auto acc
30 	3cf-robb comm-firearm
26 	88-unfounded call
24 	5e-burg. oth. (att.)
22 	3ajf-robb carjack-firearm
20 	5f-burg. oth. (noforce)
20 	114-hindering
20 	6clarceny- shoplifting
20 	2h-indecent exp.
20 	4dagg. asslt.- hand
18 	5aburg. res. (force)
18 	6b-larceny- purse snatch
17 	118burglary - fourth degree
16 	54armed person
16 	117-fto
15 	95-exparte
15 	81-recovered property
15 	118-burglary - fourth deg
14 	1a-murder
13 	73-false pretense
13 	78-gambling
13 	6c-larceny- shopli
11 	7c-stolen veh./other
11 	48-involuntary detention
11 	75destruct. of property
11 	24towed vehicle
11 	7astolen auto
11 	20a-followup
10 	79other
10 	58-injured person
10 	6jlarceny- other
10 	3h-robb conv. stor.(ua)
10 	3krobb res. (ua)
9 	6f-larceny- bicycle
9 	3ck-robb comm-knife
9 	67-child abuse-physical
9 	85-mental case
9 	2a-rape (force)
9 	2f-placing hands
8 	3jf-robb residence-firearm
8 	3jk-robb residence-knife
8 	98-child neglect
8 	3p-robb misc. (ua)
8 	3jo-robb residence-other wpn
8 	5dburg. oth. (force)
7 	4d-agg. asslt.- ha
7 	3co-robb comm-other wpn
7 	75-destruct. of propert
7 	83-discharging firearm
7 	103-dead on arrival
6 	6glarceny- from bldg.
6 	87narcotics
6 	3brobb highway (ua)
6 	2j-other sex offn.
6 	29-driving while intox.
6 	112-traffic related incident
6 	52a-animal cruelty
5 	56-missing person
5 	3aorobb hwy-other wpn
5 	3nf-robb misc-firearm
5 	4b-agg. asslt.- cu
5 	96b-investigative stop
5 	8ao-arson sin res str-occ
4 	26recovered vehicle
4 	3m-robb bank (ua)
4 	109-loitering
4 	3ek-robb gas station-knife
4 	3afrobb hwy-firearm
4 	3akrobb hwy-knife
3 	96-stop & frisk
3 	3lo-robb bank-other wpn
3 	115trespassing
3 	3ckrobb comm-knife
3 	118-burglary - fourth degre
3 	108-liquor law/open containe
3 	8j-arson other
3 	2b-rape (attempt)
3 	4fassault by threat
3 	23unauthorized use
3 	3gf-robb conv store-firearm
3 	75-destruct. of pr
3 	3bj-robb carjack(ua)
3 	6dlarceny- from auto
3 	3f-robb gas sta. (ua)
3 	119-issued in error
3 	4aagg. asslt.- gun
3 	119issued in error
3 	85mental case
3 	112-traffic related inciden
2 	3ajfrobb carjack-firearm
2 	7cstolen veh./other
2 	39-fire
2 	4c-agg. asslt.- ot
2 	5bburg. res. (att.)
2 	2arape (force)
2 	2g-sodomy/perverson
2 	106-custody dispute
2 	76-child abuse-sexual
2 	59-intoxicated person
2 	86-special curfew
2 	2fplacing hands
2 	2c-carnal knowledge
2 	96binvestigative stop
2 	81recovered property
2 	3drobb comm. (ua)
2 	105-suspicious burning
2 	84-bomb scare
2 	80-lost property
2 	93-abduction - other
2 	111protective order
2 	6flarceny- bicycle
2 	8eo-arson oth comm str-occ
2 	8bo-arson oth res str-occ
2 	110-summons served
1 	3ajo-robb carjack-other wpn
1 	6h-larceny- from machine
1 	116-public urination / defe
1 	5a-burg. res. (for
1 	3gk-robb conv store-knife
1 	87v-narcotics (onview)
1 	3no-robb misc-other wpn
1 	3ajk-robb carjack-knife
1 	5c-burg. res. (nof
1 	55disorderly person
1 	3cfrobb comm-firearm
1 	3jo-robb residence
1 	49-family disturba
1 	3jorobb residence-other wpn
1 	3jkrobb residence-knife
1 	8aoarson sin res str-occ
1 	23-unauthorized us
1 	6blarceny- purse snatch
1 	87vnarcotics (onview)
1 	88unfounded call
1 	112-traffic relate
1 	5eburg. oth. (att.)
1 	2jother sex offn.
1 	3norobb misc-other wpn
1 	77-dog bite
1 	102-questional death
1 	28-suicide - attempt
1 	112-traffic related incid
1 	3bjrobb carjack(ua)
1 	41-human trafficking
1 	4f-assault by thre
1 	3probb misc. (ua)
1 	5d-burg. oth. (for
1 	3nk-robb misc-knife
1 	3b-robb highway (u
1 	67child abuse-physical
1 	49family disturbance
1 	3hrobb conv. stor.(ua)
1 	6elarceny- auto acc
1 	5b-burg. res. (att
1 	8fo-arson public str-occ
1 	3ef-robb gas station-firearm
1 	113-littering
1 	96-investigative stop
1 	2brape (attempt)
1 	6b-larceny- purse snatc
=================================================================
=================================================================
=================================================================
46412 arrests occured within 0.4 mile(s) of a CCTV
20673 	unknown offense
8160 	87-narcotics
3453 	4e-common assault
1702 	87o-narcotics (outside)
1207 	6c-larceny- shoplifting
1073 	79-other
851 	97-search & seizure
825 	24-towed vehicle
772 	4c-agg. asslt.- oth.
735 	4b-agg. asslt.- cut
535 	55-disorderly person
415 	5a-burg. res. (force)
379 	115-trespassing
326 	4d-agg. asslt.- hand
325 	75-destruct. of property
319 	7a-stolen auto
285 	3b-robb highway (ua)
256 	118-burglary - fourth degree
233 	6d-larceny- from auto
227 	55a-prostitution
226 	54-armed person
183 	5d-burg. oth. (force)
182 	3af-robb hwy-firearm
182 	4ecommon assault
167 	6j-larceny- other
156 	4a-agg. asslt.- gun
144 	6g-larceny- from bldg.
115 	61-person wanted on war
111 	49-family disturbance
80 	3d-robb comm. (ua)
78 	26-recovered vehicle
72 	3ak-robb hwy-knife
66 	78-gambling
62 	23-unauthorized use
60 	3k-robb res. (ua)
58 	3ao-robb hwy-other wpn
54 	5b-burg. res. (att.)
52 	4f-assault by threat
50 	4cagg. asslt.- oth.
48 	5c-burg. res. (noforce)
48 	88-unfounded call
47 	111-protective order
44 	6b-larceny- purse snatch
43 	6e-larceny- auto acc
38 	3cf-robb comm-firearm
37 	117-fto
34 	3ajf-robb carjack-firearm
33 	5e-burg. oth. (att.)
33 	4bagg. asslt.- cut
30 	48-involuntary detention
28 	2h-indecent exp.
27 	2f-placing hands
26 	6clarceny- shoplifting
25 	54armed person
25 	5f-burg. oth. (noforce)
25 	7c-stolen veh./other
25 	118-burglary - fourth deg
24 	3p-robb misc. (ua)
24 	3ck-robb comm-knife
23 	1a-murder
23 	118burglary - fourth degree
22 	114-hindering
22 	4dagg. asslt.- hand
22 	20a-followup
20 	7astolen auto
19 	3co-robb comm-other wpn
18 	58-injured person
18 	75destruct. of property
18 	2a-rape (force)
18 	81-recovered property
17 	95-exparte
17 	109-loitering
17 	3h-robb conv. stor.(ua)
16 	108-liquor law/open containe
16 	85-mental case
16 	5aburg. res. (force)
15 	73-false pretense
15 	3jk-robb residence-knife
15 	3jf-robb residence-firearm
13 	75-destruct. of propert
13 	56-missing person
12 	6f-larceny- bicycle
12 	6c-larceny- shopli
12 	24towed vehicle
12 	3jo-robb residence-other wpn
12 	112-traffic related incident
12 	3afrobb hwy-firearm
11 	3brobb highway (ua)
11 	67-child abuse-physical
11 	3drobb comm. (ua)
11 	3bj-robb carjack(ua)
10 	98-child neglect
10 	80-lost property
10 	96b-investigative stop
9 	87narcotics
9 	79other
9 	2g-sodomy/perverson
9 	6jlarceny- other
8 	26recovered vehicle
8 	29-driving while intox.
7 	3nf-robb misc-firearm
7 	2b-rape (attempt)
7 	2j-other sex offn.
7 	4aagg. asslt.- gun
6 	6a-larceny- pickpocket
6 	20j-
6 	3nk-robb misc-knife
6 	4c-agg. asslt.- ot
6 	59-intoxicated person
6 	2c-carnal knowledge
6 	3no-robb misc-other wpn
6 	83-discharging firearm
6 	112-traffic related inciden
5 	96-stop & frisk
5 	76-child abuse-sexual
5 	23unauthorized use
5 	6glarceny- from bldg.
5 	75-destruct. of pr
5 	4b-agg. asslt.- cu
5 	103-dead on arrival
5 	113-littering
4 	3ajfrobb carjack-firearm
4 	3aorobb hwy-other wpn
4 	3m-robb bank (ua)
4 	5bburg. res. (att.)
4 	4d-agg. asslt.- ha
4 	6dlarceny- from auto
4 	8eo-arson oth comm str-occ
4 	8ao-arson sin res str-occ
4 	3akrobb hwy-knife
4 	52a-animal cruelty
3 	6h-larceny- from machine
3 	5a-burg. res. (for
3 	3ajk-robb carjack-knife
3 	5cburg. res. (noforce)
3 	115trespassing
3 	3gf-robb conv store-firearm
3 	93-abduction - other
3 	85mental case
3 	3go-robb conv store-other wp
3 	3ajo-robb carjack-other wpn
3 	110-summons served
3 	3krobb res. (ua)
3 	3af-robb hwy-firea
2 	2d-statutory rape
2 	117fto
2 	3cfrobb comm-firearm
2 	3ckrobb comm-knife
2 	118-burglary - fourth degre
2 	105-suspicious burning
2 	3jkrobb residence-knife
2 	5b-burg. res. (att
2 	8j-arson other
2 	6blarceny- purse snatch
2 	106-custody dispute
2 	87vnarcotics (onview)
2 	4fassault by threat
2 	86-special curfew
2 	3ao-robb hwy-other
2 	81recovered property
2 	48-involuntary detentio
2 	6l-larceny- from locker
2 	3lo-robb bank-other wpn
2 	94-abduction by parent
2 	5fburg. oth. (noforce)
2 	70-sanitation complaint
2 	112-traffic related incid
2 	1amurder
2 	119-issued in error
2 	8bo-arson oth res str-occ
2 	8h-arson motor veh
2 	49family disturbance
2 	39-fire
2 	6b-larceny- purse snatc
2 	3ek-robb gas station-knife
2 	24p-towed vehicle - private
2 	6elarceny- auto acc
1 	7cstolen veh./other
1 	3lf-robb bank-firearm
1 	70a-ill. dumping
1 	111-protective ord
1 	3gk-robb conv store-knife
1 	87v-narcotics (onview)
1 	3jf-robb residence-fire
1 	8av-arson sin res str-v
1 	3corobb comm-other wpn
1 	4a-agg. asslt.- gu
1 	108-liquor law/open conta
1 	8ev-arson oth comm str-vac
1 	3jfrobb residence-firearm
1 	108-liquor law/open contain
1 	8aoarson sin res str-occ
1 	2arape (force)
1 	76child abuse-sexual
1 	96aweapons pat down
1 	112-traffic relate
1 	5eburg. oth. (att.)
1 	2jother sex offn.
1 	3ef-robb gas station-fi
1 	71-sex offender registry
1 	2fplacing hands
1 	116-public urination / defe
1 	96-investigative stop
1 	102-questional death
1 	107-drunkenness
1 	111protective order
1 	6flarceny- bicycle
1 	3f-robb gas sta. (ua)
1 	3probb misc. (ua)
1 	3jorobb residence-other wpn
1 	119issued in error
1 	3b-robb highway (u
1 	3eo-robb gas station-other w
1 	3ajkrobb carjack-knife
1 	78gambling
1 	3ef-robb gas station-firearm
1 	20h-traffic control
1 	3ajorobb carjack-other wpn

=================================================================

20925 arrests did not occur within 0.4 mile(s) of a CCTV
8452 	unknown offense
2657 	87-narcotics
2083 	4e-common assault
816 	6c-larceny- shoplifting
609 	87o-narcotics (outside)
557 	97-search & seizure
545 	24-towed vehicle
474 	4c-agg. asslt.- oth.
453 	79-other
371 	4b-agg. asslt.- cut
298 	5a-burg. res. (force)
293 	55a-prostitution
225 	75-destruct. of property
194 	55-disorderly person
188 	4d-agg. asslt.- hand
141 	6d-larceny- from auto
135 	7a-stolen auto
132 	118-burglary - fourth degree
130 	115-trespassing
128 	3b-robb highway (ua)
122 	6j-larceny- other
116 	5d-burg. oth. (force)
110 	4ecommon assault
105 	4a-agg. asslt.- gun
103 	3af-robb hwy-firearm
86 	6g-larceny- from bldg.
74 	49-family disturbance
73 	54-armed person
73 	61-person wanted on war
54 	3k-robb res. (ua)
46 	26-recovered vehicle
45 	111-protective order
45 	3ak-robb hwy-knife
44 	5b-burg. res. (att.)
37 	4f-assault by threat
37 	23-unauthorized use
34 	5c-burg. res. (noforce)
33 	3d-robb comm. (ua)
31 	4cagg. asslt.- oth.
29 	4bagg. asslt.- cut
27 	3cf-robb comm-firearm
25 	6e-larceny- auto acc
25 	3ao-robb hwy-other wpn
24 	88-unfounded call
18 	3ajf-robb carjack-firearm
18 	5f-burg. oth. (noforce)
18 	114-hindering
18 	6clarceny- shoplifting
17 	5e-burg. oth. (att.)
16 	2h-indecent exp.
16 	5aburg. res. (force)
14 	118burglary - fourth degree
14 	4dagg. asslt.- hand
13 	1a-murder
13 	95-exparte
13 	6b-larceny- purse snatch
12 	54armed person
12 	6c-larceny- shopli
11 	73-false pretense
11 	117-fto
10 	79other
10 	81-recovered property
10 	7c-stolen veh./other
10 	3krobb res. (ua)
9 	48-involuntary detention
9 	24towed vehicle
9 	3h-robb conv. stor.(ua)
8 	3ck-robb comm-knife
8 	6jlarceny- other
8 	75destruct. of property
8 	7astolen auto
8 	5dburg. oth. (force)
7 	58-injured person
7 	3jk-robb residence-knife
7 	98-child neglect
7 	3co-robb comm-other wpn
7 	2a-rape (force)
7 	118-burglary - fourth deg
7 	20a-followup
6 	6f-larceny- bicycle
6 	3jf-robb residence-firearm
6 	3brobb highway (ua)
6 	85-mental case
6 	3p-robb misc. (ua)
6 	83-discharging firearm
5 	87narcotics
5 	3aorobb hwy-other wpn
5 	56-missing person
5 	3nf-robb misc-firearm
5 	2j-other sex offn.
5 	4b-agg. asslt.- cu
5 	3jo-robb residence-other wpn
5 	103-dead on arrival
5 	2f-placing hands
5 	52a-animal cruelty
4 	6glarceny- from bldg.
4 	78-gambling
4 	3m-robb bank (ua)
4 	67-child abuse-physical
4 	4d-agg. asslt.- ha
4 	96b-investigative stop
4 	75-destruct. of propert
4 	112-traffic related incident
4 	3afrobb hwy-firearm
3 	3ckrobb comm-knife
3 	118-burglary - fourth degre
3 	26recovered vehicle
3 	8j-arson other
3 	2b-rape (attempt)
3 	109-loitering
3 	3gf-robb conv store-firearm
3 	75-destruct. of pr
3 	3bj-robb carjack(ua)
3 	6dlarceny- from auto
3 	119-issued in error
3 	4aagg. asslt.- gun
3 	119issued in error
3 	29-driving while intox.
3 	3ek-robb gas station-knife
3 	8ao-arson sin res str-occ
3 	3akrobb hwy-knife
3 	112-traffic related inciden
2 	7cstolen veh./other
2 	39-fire
2 	4c-agg. asslt.- ot
2 	115trespassing
2 	5bburg. res. (att.)
2 	2arape (force)
2 	106-custody dispute
2 	76-child abuse-sexual
2 	4fassault by threat
2 	2fplacing hands
2 	96binvestigative stop
2 	81recovered property
2 	84-bomb scare
2 	80-lost property
2 	93-abduction - other
2 	6flarceny- bicycle
2 	3f-robb gas sta. (ua)
2 	8bo-arson oth res str-occ
1 	3ajo-robb carjack-other wpn
1 	3ajfrobb carjack-firearm
1 	116-public urination / defe
1 	5a-burg. res. (for
1 	3gk-robb conv store-knife
1 	87v-narcotics (onview)
1 	96-stop & frisk
1 	3lo-robb bank-other wpn
1 	3no-robb misc-other wpn
1 	5c-burg. res. (nof
1 	55disorderly person
1 	49-family disturba
1 	3jorobb residence-other wpn
1 	3jkrobb residence-knife
1 	2g-sodomy/perverson
1 	23-unauthorized us
1 	88unfounded call
1 	112-traffic relate
1 	86-special curfew
1 	5eburg. oth. (att.)
1 	4f-assault by thre
1 	23unauthorized use
1 	2c-carnal knowledge
1 	3norobb misc-other wpn
1 	3drobb comm. (ua)
1 	77-dog bite
1 	102-questional death
1 	28-suicide - attempt
1 	111protective order
1 	112-traffic related incid
1 	3bjrobb carjack(ua)
1 	41-human trafficking
1 	3jo-robb residence
1 	5d-burg. oth. (for
1 	3nk-robb misc-knife
1 	67child abuse-physical
1 	49family disturbance
1 	110-summons served
1 	3hrobb conv. stor.(ua)
1 	5b-burg. res. (att
1 	8fo-arson public str-occ
1 	3ef-robb gas station-firearm
1 	96-investigative stop
1 	2brape (attempt)
=================================================================
=================================================================
=================================================================
49784 arrests occured within 0.5 mile(s) of a CCTV
21995 	unknown offense
8702 	87-narcotics
3754 	4e-common assault
1828 	87o-narcotics (outside)
1300 	6c-larceny- shoplifting
1161 	79-other
925 	97-search & seizure
899 	24-towed vehicle
850 	4c-agg. asslt.- oth.
802 	4b-agg. asslt.- cut
565 	55-disorderly person
461 	5a-burg. res. (force)
405 	115-trespassing
356 	75-destruct. of property
346 	4d-agg. asslt.- hand
343 	7a-stolen auto
307 	3b-robb highway (ua)
278 	118-burglary - fourth degree
262 	6d-larceny- from auto
258 	55a-prostitution
248 	54-armed person
208 	3af-robb hwy-firearm
198 	4ecommon assault
192 	5d-burg. oth. (force)
175 	6j-larceny- other
173 	4a-agg. asslt.- gun
154 	6g-larceny- from bldg.
125 	61-person wanted on war
116 	49-family disturbance
88 	3d-robb comm. (ua)
84 	26-recovered vehicle
84 	3ak-robb hwy-knife
67 	78-gambling
65 	3k-robb res. (ua)
65 	23-unauthorized use
64 	3ao-robb hwy-other wpn
59 	4f-assault by threat
59 	5b-burg. res. (att.)
58 	5c-burg. res. (noforce)
57 	88-unfounded call
56 	4cagg. asslt.- oth.
53 	111-protective order
52 	3cf-robb comm-firearm
51 	6e-larceny- auto acc
47 	6b-larceny- purse snatch
40 	117-fto
37 	3ajf-robb carjack-firearm
37 	5e-burg. oth. (att.)
34 	4bagg. asslt.- cut
31 	2h-indecent exp.
30 	48-involuntary detention
28 	5f-burg. oth. (noforce)
28 	6clarceny- shoplifting
28 	114-hindering
27 	2f-placing hands
26 	7c-stolen veh./other
25 	3p-robb misc. (ua)
25 	54armed person
25 	118burglary - fourth degree
25 	118-burglary - fourth deg
25 	3ck-robb comm-knife
24 	1a-murder
24 	20a-followup
23 	4dagg. asslt.- hand
21 	3co-robb comm-other wpn
21 	75destruct. of property
21 	7astolen auto
21 	81-recovered property
19 	58-injured person
19 	95-exparte
18 	3jk-robb residence-knife
18 	2a-rape (force)
18 	5aburg. res. (force)
18 	3h-robb conv. stor.(ua)
17 	109-loitering
16 	108-liquor law/open containe
16 	85-mental case
15 	73-false pretense
15 	3jf-robb residence-firearm
14 	75-destruct. of propert
14 	3jo-robb residence-other wpn
13 	6f-larceny- bicycle
13 	56-missing person
13 	6c-larceny- shopli
12 	67-child abuse-physical
12 	3bj-robb carjack(ua)
12 	96b-investigative stop
12 	24towed vehicle
12 	112-traffic related incident
12 	3afrobb hwy-firearm
11 	3brobb highway (ua)
11 	3drobb comm. (ua)
11 	80-lost property
10 	98-child neglect
10 	6jlarceny- other
9 	87narcotics
9 	79other
9 	2g-sodomy/perverson
9 	26recovered vehicle
9 	29-driving while intox.
7 	3m-robb bank (ua)
7 	3nf-robb misc-firearm
7 	2b-rape (attempt)
7 	2j-other sex offn.
7 	4aagg. asslt.- gun
7 	112-traffic related inciden
6 	6a-larceny- pickpocket
6 	20j-
6 	96-stop & frisk
6 	3nk-robb misc-knife
6 	4c-agg. asslt.- ot
6 	59-intoxicated person
6 	76-child abuse-sexual
6 	4d-agg. asslt.- ha
6 	2c-carnal knowledge
6 	6glarceny- from bldg.
6 	75-destruct. of pr
6 	3no-robb misc-other wpn
6 	83-discharging firearm
6 	103-dead on arrival
5 	3aorobb hwy-other wpn
5 	3ckrobb comm-knife
5 	23unauthorized use
5 	4b-agg. asslt.- cu
5 	3akrobb hwy-knife
5 	113-littering
4 	3ajfrobb carjack-firearm
4 	5bburg. res. (att.)
4 	3gf-robb conv store-firearm
4 	6dlarceny- from auto
4 	8eo-arson oth comm str-occ
4 	39-fire
4 	3ajo-robb carjack-other wpn
4 	8ao-arson sin res str-occ
4 	52a-animal cruelty
3 	6h-larceny- from machine
3 	7cstolen veh./other
3 	5a-burg. res. (for
3 	3ajk-robb carjack-knife
3 	5cburg. res. (noforce)
3 	115trespassing
3 	4fassault by threat
3 	93-abduction - other
3 	85mental case
3 	3go-robb conv store-other wp
3 	3ek-robb gas station-knife
3 	110-summons served
3 	3krobb res. (ua)
3 	3af-robb hwy-firea
2 	2d-statutory rape
2 	117fto
2 	3cfrobb comm-firearm
2 	118-burglary - fourth degre
2 	105-suspicious burning
2 	3jkrobb residence-knife
2 	2arape (force)
2 	5b-burg. res. (att
2 	8j-arson other
2 	6blarceny- purse snatch
2 	106-custody dispute
2 	87vnarcotics (onview)
2 	112-traffic relate
2 	86-special curfew
2 	3ao-robb hwy-other
2 	116-public urination / defe
2 	81recovered property
2 	48-involuntary detentio
2 	6l-larceny- from locker
2 	3lo-robb bank-other wpn
2 	94-abduction by parent
2 	5fburg. oth. (noforce)
2 	70-sanitation complaint
2 	112-traffic related incid
2 	1amurder
2 	119-issued in error
2 	8bo-arson oth res str-occ
2 	8h-arson motor veh
2 	49family disturbance
2 	6b-larceny- purse snatc
2 	24p-towed vehicle - private
2 	6elarceny- auto acc
1 	3lf-robb bank-firearm
1 	70a-ill. dumping
1 	111-protective ord
1 	3gk-robb conv store-knife
1 	87v-narcotics (onview)
1 	3jf-robb residence-fire
1 	8av-arson sin res str-v
1 	5c-burg. res. (nof
1 	3corobb comm-other wpn
1 	4a-agg. asslt.- gu
1 	108-liquor law/open conta
1 	8ev-arson oth comm str-vac
1 	3jfrobb residence-firearm
1 	108-liquor law/open contain
1 	8aoarson sin res str-occ
1 	76child abuse-sexual
1 	96aweapons pat down
1 	5eburg. oth. (att.)
1 	2jother sex offn.
1 	3ef-robb gas station-fi
1 	71-sex offender registry
1 	2fplacing hands
1 	96-investigative stop
1 	102-questional death
1 	107-drunkenness
1 	111protective order
1 	6flarceny- bicycle
1 	3f-robb gas sta. (ua)
1 	3probb misc. (ua)
1 	3jorobb residence-other wpn
1 	119issued in error
1 	3b-robb highway (u
1 	3eo-robb gas station-other w
1 	3ajkrobb carjack-knife
1 	78gambling
1 	5dburg. oth. (force)
1 	3ef-robb gas station-firearm
1 	20h-traffic control
1 	3ajorobb carjack-other wpn

=================================================================

17553 arrests did not occur within 0.5 mile(s) of a CCTV
7130 	unknown offense
2115 	87-narcotics
1782 	4e-common assault
723 	6c-larceny- shoplifting
483 	87o-narcotics (outside)
483 	97-search & seizure
471 	24-towed vehicle
396 	4c-agg. asslt.- oth.
365 	79-other
304 	4b-agg. asslt.- cut
262 	55a-prostitution
252 	5a-burg. res. (force)
194 	75-destruct. of property
168 	4d-agg. asslt.- hand
164 	55-disorderly person
114 	6j-larceny- other
112 	6d-larceny- from auto
111 	7a-stolen auto
110 	118-burglary - fourth degree
107 	5d-burg. oth. (force)
106 	3b-robb highway (ua)
104 	115-trespassing
94 	4ecommon assault
88 	4a-agg. asslt.- gun
77 	3af-robb hwy-firearm
76 	6g-larceny- from bldg.
69 	49-family disturbance
63 	61-person wanted on war
51 	54-armed person
49 	3k-robb res. (ua)
40 	26-recovered vehicle
39 	111-protective order
39 	5b-burg. res. (att.)
34 	23-unauthorized use
33 	3ak-robb hwy-knife
30 	4f-assault by threat
28 	4bagg. asslt.- cut
25 	4cagg. asslt.- oth.
25 	3d-robb comm. (ua)
24 	5c-burg. res. (noforce)
19 	3ao-robb hwy-other wpn
17 	6e-larceny- auto acc
16 	6clarceny- shoplifting
15 	3ajf-robb carjack-firearm
15 	5f-burg. oth. (noforce)
15 	88-unfounded call
14 	5aburg. res. (force)
13 	5e-burg. oth. (att.)
13 	3cf-robb comm-firearm
13 	4dagg. asslt.- hand
13 	2h-indecent exp.
12 	1a-murder
12 	54armed person
12 	118burglary - fourth degree
12 	114-hindering
11 	73-false pretense
11 	95-exparte
11 	6c-larceny- shopli
10 	79other
10 	6b-larceny- purse snatch
10 	3krobb res. (ua)
9 	7c-stolen veh./other
9 	48-involuntary detention
9 	24towed vehicle
8 	3h-robb conv. stor.(ua)
8 	117-fto
7 	3ck-robb comm-knife
7 	81-recovered property
7 	98-child neglect
7 	6jlarceny- other
7 	2a-rape (force)
7 	118-burglary - fourth deg
7 	7astolen auto
7 	5dburg. oth. (force)
6 	3jf-robb residence-firearm
6 	58-injured person
6 	3brobb highway (ua)
6 	85-mental case
6 	83-discharging firearm
5 	6f-larceny- bicycle
5 	87narcotics
5 	3co-robb comm-other wpn
5 	56-missing person
5 	3nf-robb misc-firearm
5 	2j-other sex offn.
5 	3p-robb misc. (ua)
5 	4b-agg. asslt.- cu
5 	75destruct. of property
5 	20a-followup
5 	2f-placing hands
5 	52a-animal cruelty
4 	3aorobb hwy-other wpn
4 	3jk-robb residence-knife
4 	103-dead on arrival
4 	112-traffic related incident
4 	3afrobb hwy-firearm
3 	6glarceny- from bldg.
3 	118-burglary - fourth degre
3 	78-gambling
3 	8j-arson other
3 	2b-rape (attempt)
3 	67-child abuse-physical
3 	109-loitering
3 	6dlarceny- from auto
3 	119-issued in error
3 	4aagg. asslt.- gun
3 	119issued in error
3 	75-destruct. of propert
3 	8ao-arson sin res str-occ
3 	3jo-robb residence-other wpn
2 	115trespassing
2 	5bburg. res. (att.)
2 	26recovered vehicle
2 	106-custody dispute
2 	4d-agg. asslt.- ha
2 	2fplacing hands
2 	3gf-robb conv store-firearm
2 	75-destruct. of pr
2 	96binvestigative stop
2 	81recovered property
2 	3bj-robb carjack(ua)
2 	84-bomb scare
2 	93-abduction - other
2 	6flarceny- bicycle
2 	3f-robb gas sta. (ua)
2 	8bo-arson oth res str-occ
2 	4c-agg. asslt.- ot
2 	29-driving while intox.
2 	96b-investigative stop
2 	3ek-robb gas station-knife
2 	3akrobb hwy-knife
2 	112-traffic related inciden
1 	3ajfrobb carjack-firearm
1 	5a-burg. res. (for
1 	3gk-robb conv store-knife
1 	87v-narcotics (onview)
1 	3lo-robb bank-other wpn
1 	3no-robb misc-other wpn
1 	55disorderly person
1 	49-family disturba
1 	3m-robb bank (ua)
1 	3jkrobb residence-knife
1 	2g-sodomy/perverson
1 	23-unauthorized us
1 	76-child abuse-sexual
1 	88unfounded call
1 	86-special curfew
1 	5eburg. oth. (att.)
1 	4fassault by threat
1 	4f-assault by thre
1 	23unauthorized use
1 	2c-carnal knowledge
1 	3norobb misc-other wpn
1 	3drobb comm. (ua)
1 	77-dog bite
1 	102-questional death
1 	28-suicide - attempt
1 	80-lost property
1 	111protective order
1 	112-traffic related incid
1 	3bjrobb carjack(ua)
1 	41-human trafficking
1 	3jo-robb residence
1 	3jorobb residence-other wpn
1 	5d-burg. oth. (for
1 	3nk-robb misc-knife
1 	2arape (force)
1 	67child abuse-physical
1 	49family disturbance
1 	110-summons served
1 	3hrobb conv. stor.(ua)
1 	5b-burg. res. (att
1 	8fo-arson public str-occ
1 	3ef-robb gas station-firearm
1 	96-investigative stop
1 	2brape (attempt)
=================================================================
=================================================================
=================================================================
52535 arrests occured within 0.6 mile(s) of a CCTV
23102 	unknown offense
9044 	87-narcotics
4012 	4e-common assault
1896 	87o-narcotics (outside)
1468 	6c-larceny- shoplifting
1227 	79-other
998 	97-search & seizure
963 	24-towed vehicle
903 	4c-agg. asslt.- oth.
837 	4b-agg. asslt.- cut
590 	55-disorderly person
487 	5a-burg. res. (force)
428 	115-trespassing
380 	75-destruct. of property
368 	4d-agg. asslt.- hand
365 	7a-stolen auto
323 	3b-robb highway (ua)
296 	55a-prostitution
285 	118-burglary - fourth degree
280 	6d-larceny- from auto
254 	54-armed person
230 	3af-robb hwy-firearm
208 	4ecommon assault
207 	5d-burg. oth. (force)
201 	6j-larceny- other
191 	4a-agg. asslt.- gun
174 	6g-larceny- from bldg.
136 	61-person wanted on war
121 	49-family disturbance
93 	3d-robb comm. (ua)
91 	26-recovered vehicle
88 	3ak-robb hwy-knife
72 	23-unauthorized use
67 	78-gambling
67 	3k-robb res. (ua)
67 	3ao-robb hwy-other wpn
65 	5b-burg. res. (att.)
62 	88-unfounded call
61 	4f-assault by threat
61 	5c-burg. res. (noforce)
59 	111-protective order
59 	4cagg. asslt.- oth.
56 	6e-larceny- auto acc
52 	3cf-robb comm-firearm
48 	6b-larceny- purse snatch
45 	117-fto
39 	4bagg. asslt.- cut
38 	3ajf-robb carjack-firearm
38 	5e-burg. oth. (att.)
37 	6clarceny- shoplifting
35 	2h-indecent exp.
30 	48-involuntary detention
29 	54armed person
29 	5f-burg. oth. (noforce)
29 	118burglary - fourth degree
29 	114-hindering
28 	7c-stolen veh./other
27 	2f-placing hands
26 	3ck-robb comm-knife
25 	1a-murder
25 	3p-robb misc. (ua)
25 	4dagg. asslt.- hand
25 	118-burglary - fourth deg
24 	20a-followup
23 	81-recovered property
22 	3co-robb comm-other wpn
21 	75destruct. of property
21 	7astolen auto
20 	58-injured person
20 	3jk-robb residence-knife
20 	3h-robb conv. stor.(ua)
19 	95-exparte
19 	2a-rape (force)
18 	5aburg. res. (force)
17 	73-false pretense
17 	109-loitering
16 	108-liquor law/open containe
16 	6c-larceny- shopli
16 	85-mental case
16 	3jf-robb residence-firearm
15 	3jo-robb residence-other wpn
14 	75-destruct. of propert
14 	6f-larceny- bicycle
14 	24towed vehicle
13 	56-missing person
13 	3bj-robb carjack(ua)
13 	6jlarceny- other
13 	112-traffic related incident
12 	3brobb highway (ua)
12 	67-child abuse-physical
12 	96b-investigative stop
12 	3afrobb hwy-firearm
11 	79other
11 	98-child neglect
11 	3drobb comm. (ua)
11 	80-lost property
10 	87narcotics
10 	26recovered vehicle
10 	29-driving while intox.
9 	2g-sodomy/perverson
9 	3nf-robb misc-firearm
9 	2j-other sex offn.
8 	3aorobb hwy-other wpn
8 	3m-robb bank (ua)
8 	2b-rape (attempt)
8 	112-traffic related inciden
7 	3nk-robb misc-knife
7 	4aagg. asslt.- gun
7 	83-discharging firearm
7 	103-dead on arrival
6 	6a-larceny- pickpocket
6 	20j-
6 	96-stop & frisk
6 	4c-agg. asslt.- ot
6 	59-intoxicated person
6 	76-child abuse-sexual
6 	4d-agg. asslt.- ha
6 	23unauthorized use
6 	2c-carnal knowledge
6 	6glarceny- from bldg.
6 	75-destruct. of pr
6 	3no-robb misc-other wpn
5 	115trespassing
5 	3ckrobb comm-knife
5 	4b-agg. asslt.- cu
5 	8ao-arson sin res str-occ
5 	3akrobb hwy-knife
5 	113-littering
4 	3ajfrobb carjack-firearm
4 	5bburg. res. (att.)
4 	3gf-robb conv store-firearm
4 	6dlarceny- from auto
4 	8eo-arson oth comm str-occ
4 	93-abduction - other
4 	39-fire
4 	3ek-robb gas station-knife
4 	3ajo-robb carjack-other wpn
4 	3krobb res. (ua)
4 	52a-animal cruelty
3 	6h-larceny- from machine
3 	7cstolen veh./other
3 	5a-burg. res. (for
3 	3ajk-robb carjack-knife
3 	5cburg. res. (noforce)
3 	118-burglary - fourth degre
3 	3jkrobb residence-knife
3 	4fassault by threat
3 	3lo-robb bank-other wpn
3 	112-traffic related incid
3 	85mental case
3 	3go-robb conv store-other wp
3 	110-summons served
3 	3af-robb hwy-firea
2 	2d-statutory rape
2 	96binvestigative stop
2 	117fto
2 	3cfrobb comm-firearm
2 	105-suspicious burning
2 	2arape (force)
2 	5b-burg. res. (att
2 	8j-arson other
2 	6blarceny- purse snatch
2 	106-custody dispute
2 	87vnarcotics (onview)
2 	112-traffic relate
2 	86-special curfew
2 	2fplacing hands
2 	3ao-robb hwy-other
2 	116-public urination / defe
2 	81recovered property
2 	48-involuntary detentio
2 	6l-larceny- from locker
2 	94-abduction by parent
2 	5fburg. oth. (noforce)
2 	70-sanitation complaint
2 	1amurder
2 	6flarceny- bicycle
2 	3f-robb gas sta. (ua)
2 	119-issued in error
2 	8bo-arson oth res str-occ
2 	3jorobb residence-other wpn
2 	119issued in error
2 	8h-arson motor veh
2 	49family disturbance
2 	6b-larceny- purse snatc
2 	24p-towed vehicle - private
2 	6elarceny- auto acc
1 	3lf-robb bank-firearm
1 	70a-ill. dumping
1 	111-protective ord
1 	3gk-robb conv store-knife
1 	87v-narcotics (onview)
1 	3jf-robb residence-fire
1 	8av-arson sin res str-v
1 	5c-burg. res. (nof
1 	3corobb comm-other wpn
1 	3jo-robb residence
1 	4a-agg. asslt.- gu
1 	108-liquor law/open conta
1 	8ev-arson oth comm str-vac
1 	3jfrobb residence-firearm
1 	108-liquor law/open contain
1 	8aoarson sin res str-occ
1 	76child abuse-sexual
1 	96aweapons pat down
1 	5eburg. oth. (att.)
1 	2jother sex offn.
1 	3ef-robb gas station-fi
1 	71-sex offender registry
1 	96-investigative stop
1 	102-questional death
1 	107-drunkenness
1 	111protective order
1 	3probb misc. (ua)
1 	3b-robb highway (u
1 	3eo-robb gas station-other w
1 	3ajkrobb carjack-knife
1 	78gambling
1 	5dburg. oth. (force)
1 	3ef-robb gas station-firearm
1 	20h-traffic control
1 	3ajorobb carjack-other wpn

=================================================================

14802 arrests did not occur within 0.6 mile(s) of a CCTV
6023 	unknown offense
1773 	87-narcotics
1524 	4e-common assault
555 	6c-larceny- shoplifting
415 	87o-narcotics (outside)
410 	97-search & seizure
407 	24-towed vehicle
343 	4c-agg. asslt.- oth.
299 	79-other
269 	4b-agg. asslt.- cut
226 	5a-burg. res. (force)
224 	55a-prostitution
170 	75-destruct. of property
146 	4d-agg. asslt.- hand
139 	55-disorderly person
103 	118-burglary - fourth degree
94 	6d-larceny- from auto
92 	5d-burg. oth. (force)
90 	3b-robb highway (ua)
89 	7a-stolen auto
88 	6j-larceny- other
84 	4ecommon assault
81 	115-trespassing
70 	4a-agg. asslt.- gun
64 	49-family disturbance
56 	6g-larceny- from bldg.
55 	3af-robb hwy-firearm
52 	61-person wanted on war
47 	3k-robb res. (ua)
45 	54-armed person
33 	111-protective order
33 	26-recovered vehicle
33 	5b-burg. res. (att.)
29 	3ak-robb hwy-knife
28 	4f-assault by threat
27 	23-unauthorized use
23 	4bagg. asslt.- cut
22 	4cagg. asslt.- oth.
21 	5c-burg. res. (noforce)
20 	3d-robb comm. (ua)
16 	3ao-robb hwy-other wpn
14 	3ajf-robb carjack-firearm
14 	5f-burg. oth. (noforce)
14 	5aburg. res. (force)
13 	3cf-robb comm-firearm
12 	5e-burg. oth. (att.)
12 	6e-larceny- auto acc
11 	1a-murder
11 	95-exparte
11 	4dagg. asslt.- hand
11 	114-hindering
10 	88-unfounded call
9 	73-false pretense
9 	48-involuntary detention
9 	2h-indecent exp.
9 	6b-larceny- purse snatch
9 	3krobb res. (ua)
8 	79other
8 	54armed person
8 	118burglary - fourth degree
8 	6c-larceny- shopli
7 	7c-stolen veh./other
7 	6clarceny- shoplifting
7 	24towed vehicle
7 	118-burglary - fourth deg
7 	7astolen auto
7 	5dburg. oth. (force)
6 	3ck-robb comm-knife
6 	85-mental case
6 	98-child neglect
6 	2a-rape (force)
6 	3h-robb conv. stor.(ua)
5 	3jf-robb residence-firearm
5 	58-injured person
5 	81-recovered property
5 	56-missing person
5 	3brobb highway (ua)
5 	3p-robb misc. (ua)
5 	4b-agg. asslt.- cu
5 	75destruct. of property
5 	83-discharging firearm
5 	20a-followup
5 	2f-placing hands
5 	52a-animal cruelty
4 	6f-larceny- bicycle
4 	87narcotics
4 	3co-robb comm-other wpn
4 	6jlarceny- other
4 	3afrobb hwy-firearm
3 	117-fto
3 	78-gambling
3 	8j-arson other
3 	3nf-robb misc-firearm
3 	67-child abuse-physical
3 	109-loitering
3 	6glarceny- from bldg.
3 	6dlarceny- from auto
3 	119-issued in error
3 	2j-other sex offn.
3 	4aagg. asslt.- gun
3 	75-destruct. of propert
3 	103-dead on arrival
3 	112-traffic related incident
2 	118-burglary - fourth degre
2 	5bburg. res. (att.)
2 	106-custody dispute
2 	2b-rape (attempt)
2 	4d-agg. asslt.- ha
2 	3gf-robb conv store-firearm
2 	75-destruct. of pr
2 	81recovered property
2 	84-bomb scare
2 	3jk-robb residence-knife
2 	8bo-arson oth res str-occ
2 	4c-agg. asslt.- ot
2 	119issued in error
2 	96b-investigative stop
2 	8ao-arson sin res str-occ
2 	3jo-robb residence-other wpn
2 	3akrobb hwy-knife
1 	3ajfrobb carjack-firearm
1 	5a-burg. res. (for
1 	3gk-robb conv store-knife
1 	87v-narcotics (onview)
1 	3no-robb misc-other wpn
1 	3aorobb hwy-other wpn
1 	55disorderly person
1 	49-family disturba
1 	2arape (force)
1 	2g-sodomy/perverson
1 	26recovered vehicle
1 	23-unauthorized us
1 	76-child abuse-sexual
1 	88unfounded call
1 	86-special curfew
1 	5eburg. oth. (att.)
1 	4fassault by threat
1 	4f-assault by thre
1 	2fplacing hands
1 	2c-carnal knowledge
1 	3norobb misc-other wpn
1 	3drobb comm. (ua)
1 	3bj-robb carjack(ua)
1 	77-dog bite
1 	102-questional death
1 	28-suicide - attempt
1 	80-lost property
1 	93-abduction - other
1 	111protective order
1 	3bjrobb carjack(ua)
1 	6flarceny- bicycle
1 	3f-robb gas sta. (ua)
1 	41-human trafficking
1 	5d-burg. oth. (for
1 	29-driving while intox.
1 	67child abuse-physical
1 	49family disturbance
1 	110-summons served
1 	3ek-robb gas station-knife
1 	3hrobb conv. stor.(ua)
1 	5b-burg. res. (att
1 	8fo-arson public str-occ
1 	3ef-robb gas station-firearm
1 	112-traffic related inciden
1 	96-investigative stop
1 	2brape (attempt)
=================================================================
=================================================================
=================================================================
53857 arrests occured within 0.7 mile(s) of a CCTV
23623 	unknown offense
9228 	87-narcotics
4146 	4e-common assault
1938 	87o-narcotics (outside)
1507 	6c-larceny- shoplifting
1253 	79-other
1029 	97-search & seizure
1000 	24-towed vehicle
929 	4c-agg. asslt.- oth.
865 	4b-agg. asslt.- cut
604 	55-disorderly person
502 	5a-burg. res. (force)
440 	115-trespassing
392 	75-destruct. of property
385 	4d-agg. asslt.- hand
376 	7a-stolen auto
330 	3b-robb highway (ua)
318 	55a-prostitution
295 	6d-larceny- from auto
290 	118-burglary - fourth degree
259 	54-armed person
236 	3af-robb hwy-firearm
217 	5d-burg. oth. (force)
213 	4ecommon assault
208 	6j-larceny- other
197 	4a-agg. asslt.- gun
178 	6g-larceny- from bldg.
140 	61-person wanted on war
126 	49-family disturbance
94 	3d-robb comm. (ua)
92 	26-recovered vehicle
92 	3ak-robb hwy-knife
76 	23-unauthorized use
71 	3k-robb res. (ua)
68 	3ao-robb hwy-other wpn
67 	78-gambling
67 	5b-burg. res. (att.)
63 	4f-assault by threat
62 	5c-burg. res. (noforce)
62 	88-unfounded call
59 	111-protective order
59 	4cagg. asslt.- oth.
57 	6e-larceny- auto acc
54 	3cf-robb comm-firearm
49 	6b-larceny- purse snatch
45 	117-fto
44 	4bagg. asslt.- cut
40 	5e-burg. oth. (att.)
39 	3ajf-robb carjack-firearm
37 	6clarceny- shoplifting
37 	2h-indecent exp.
33 	48-involuntary detention
32 	54armed person
31 	5f-burg. oth. (noforce)
30 	114-hindering
29 	118burglary - fourth degree
28 	7c-stolen veh./other
27 	2f-placing hands
26 	1a-murder
26 	3ck-robb comm-knife
26 	4dagg. asslt.- hand
25 	3p-robb misc. (ua)
25 	118-burglary - fourth deg
24 	3co-robb comm-other wpn
24 	20a-followup
23 	81-recovered property
21 	75destruct. of property
21 	7astolen auto
21 	3h-robb conv. stor.(ua)
20 	58-injured person
20 	95-exparte
20 	3jk-robb residence-knife
20 	5aburg. res. (force)
19 	2a-rape (force)
18 	109-loitering
18 	3jf-robb residence-firearm
17 	73-false pretense
17 	6c-larceny- shopli
16 	108-liquor law/open containe
16 	85-mental case
16 	24towed vehicle
15 	6f-larceny- bicycle
15 	3jo-robb residence-other wpn
14 	75-destruct. of propert
14 	3bj-robb carjack(ua)
13 	56-missing person
13 	67-child abuse-physical
13 	6jlarceny- other
13 	112-traffic related incident
12 	3brobb highway (ua)
12 	96b-investigative stop
12 	3afrobb hwy-firearm
11 	87narcotics
11 	79other
11 	98-child neglect
11 	3drobb comm. (ua)
11 	80-lost property
10 	26recovered vehicle
10 	2j-other sex offn.
10 	29-driving while intox.
10 	83-discharging firearm
9 	2g-sodomy/perverson
9 	3nf-robb misc-firearm
9 	4aagg. asslt.- gun
8 	3aorobb hwy-other wpn
8 	3m-robb bank (ua)
8 	2b-rape (attempt)
8 	112-traffic related inciden
7 	3nk-robb misc-knife
7 	103-dead on arrival
7 	52a-animal cruelty
6 	6a-larceny- pickpocket
6 	20j-
6 	96-stop & frisk
6 	4c-agg. asslt.- ot
6 	59-intoxicated person
6 	76-child abuse-sexual
6 	4d-agg. asslt.- ha
6 	23unauthorized use
6 	2c-carnal knowledge
6 	6glarceny- from bldg.
6 	75-destruct. of pr
6 	3no-robb misc-other wpn
6 	4b-agg. asslt.- cu
5 	115trespassing
5 	3ckrobb comm-knife
5 	8ao-arson sin res str-occ
5 	3akrobb hwy-knife
5 	113-littering
4 	3ajfrobb carjack-firearm
4 	5bburg. res. (att.)
4 	3gf-robb conv store-firearm
4 	6dlarceny- from auto
4 	8eo-arson oth comm str-occ
4 	93-abduction - other
4 	39-fire
4 	3ek-robb gas station-knife
4 	3ajo-robb carjack-other wpn
4 	3krobb res. (ua)
3 	6h-larceny- from machine
3 	7cstolen veh./other
3 	5a-burg. res. (for
3 	3ajk-robb carjack-knife
3 	5cburg. res. (noforce)
3 	118-burglary - fourth degre
3 	3jkrobb residence-knife
3 	4fassault by threat
3 	3lo-robb bank-other wpn
3 	112-traffic related incid
3 	119issued in error
3 	85mental case
3 	3go-robb conv store-other wp
3 	110-summons served
3 	3af-robb hwy-firea
2 	2d-statutory rape
2 	96binvestigative stop
2 	117fto
2 	3cfrobb comm-firearm
2 	105-suspicious burning
2 	2arape (force)
2 	5b-burg. res. (att
2 	8j-arson other
2 	6blarceny- purse snatch
2 	106-custody dispute
2 	87vnarcotics (onview)
2 	112-traffic relate
2 	86-special curfew
2 	2fplacing hands
2 	3ao-robb hwy-other
2 	116-public urination / defe
2 	81recovered property
2 	48-involuntary detentio
2 	6l-larceny- from locker
2 	94-abduction by parent
2 	5fburg. oth. (noforce)
2 	70-sanitation complaint
2 	1amurder
2 	6flarceny- bicycle
2 	3f-robb gas sta. (ua)
2 	119-issued in error
2 	8bo-arson oth res str-occ
2 	3jorobb residence-other wpn
2 	8h-arson motor veh
2 	49family disturbance
2 	6b-larceny- purse snatc
2 	24p-towed vehicle - private
2 	6elarceny- auto acc
1 	3lf-robb bank-firearm
1 	70a-ill. dumping
1 	111-protective ord
1 	3gk-robb conv store-knife
1 	87v-narcotics (onview)
1 	3jf-robb residence-fire
1 	8av-arson sin res str-v
1 	5c-burg. res. (nof
1 	3corobb comm-other wpn
1 	3jo-robb residence
1 	4a-agg. asslt.- gu
1 	108-liquor law/open conta
1 	8ev-arson oth comm str-vac
1 	3jfrobb residence-firearm
1 	108-liquor law/open contain
1 	8aoarson sin res str-occ
1 	76child abuse-sexual
1 	96aweapons pat down
1 	5eburg. oth. (att.)
1 	2jother sex offn.
1 	3ef-robb gas station-fi
1 	71-sex offender registry
1 	96-investigative stop
1 	102-questional death
1 	107-drunkenness
1 	111protective order
1 	3probb misc. (ua)
1 	3b-robb highway (u
1 	3eo-robb gas station-other w
1 	3ajkrobb carjack-knife
1 	78gambling
1 	5dburg. oth. (force)
1 	3ef-robb gas station-firearm
1 	20h-traffic control
1 	3ajorobb carjack-other wpn

=================================================================

13480 arrests did not occur within 0.7 mile(s) of a CCTV
5502 	unknown offense
1589 	87-narcotics
1390 	4e-common assault
516 	6c-larceny- shoplifting
379 	97-search & seizure
373 	87o-narcotics (outside)
370 	24-towed vehicle
317 	4c-agg. asslt.- oth.
273 	79-other
241 	4b-agg. asslt.- cut
211 	5a-burg. res. (force)
202 	55a-prostitution
158 	75-destruct. of property
129 	4d-agg. asslt.- hand
125 	55-disorderly person
98 	118-burglary - fourth degree
83 	3b-robb highway (ua)
82 	5d-burg. oth. (force)
81 	6j-larceny- other
79 	4ecommon assault
79 	6d-larceny- from auto
78 	7a-stolen auto
69 	115-trespassing
64 	4a-agg. asslt.- gun
59 	49-family disturbance
52 	6g-larceny- from bldg.
49 	3af-robb hwy-firearm
48 	61-person wanted on war
43 	3k-robb res. (ua)
40 	54-armed person
33 	111-protective order
32 	26-recovered vehicle
31 	5b-burg. res. (att.)
26 	4f-assault by threat
25 	3ak-robb hwy-knife
23 	23-unauthorized use
22 	4cagg. asslt.- oth.
20 	5c-burg. res. (noforce)
19 	3d-robb comm. (ua)
18 	4bagg. asslt.- cut
15 	3ao-robb hwy-other wpn
13 	3ajf-robb carjack-firearm
12 	5f-burg. oth. (noforce)
12 	5aburg. res. (force)
11 	6e-larceny- auto acc
11 	3cf-robb comm-firearm
10 	1a-murder
10 	95-exparte
10 	5e-burg. oth. (att.)
10 	4dagg. asslt.- hand
10 	114-hindering
10 	88-unfounded call
9 	73-false pretense
9 	3krobb res. (ua)
8 	79other
8 	118burglary - fourth degree
8 	6b-larceny- purse snatch
7 	7c-stolen veh./other
7 	6c-larceny- shopli
7 	6clarceny- shoplifting
7 	2h-indecent exp.
7 	118-burglary - fourth deg
7 	7astolen auto
7 	5dburg. oth. (force)
6 	3ck-robb comm-knife
6 	85-mental case
6 	98-child neglect
6 	48-involuntary detention
6 	2a-rape (force)
5 	3p-robb misc. (ua)
5 	58-injured person
5 	54armed person
5 	81-recovered property
5 	56-missing person
5 	3brobb highway (ua)
5 	75destruct. of property
5 	24towed vehicle
5 	3h-robb conv. stor.(ua)
5 	20a-followup
5 	2f-placing hands
4 	6jlarceny- other
4 	4b-agg. asslt.- cu
4 	3afrobb hwy-firearm
3 	6f-larceny- bicycle
3 	87narcotics
3 	117-fto
3 	78-gambling
3 	8j-arson other
3 	3nf-robb misc-firearm
3 	6glarceny- from bldg.
3 	6dlarceny- from auto
3 	119-issued in error
3 	3jf-robb residence-firearm
3 	75-destruct. of propert
3 	103-dead on arrival
3 	112-traffic related incident
2 	3co-robb comm-other wpn
2 	118-burglary - fourth degre
2 	5bburg. res. (att.)
2 	106-custody dispute
2 	2b-rape (attempt)
2 	67-child abuse-physical
2 	109-loitering
2 	4d-agg. asslt.- ha
2 	3gf-robb conv store-firearm
2 	75-destruct. of pr
2 	81recovered property
2 	84-bomb scare
2 	3jk-robb residence-knife
2 	8bo-arson oth res str-occ
2 	2j-other sex offn.
2 	4c-agg. asslt.- ot
2 	96b-investigative stop
2 	8ao-arson sin res str-occ
2 	3jo-robb residence-other wpn
2 	83-discharging firearm
2 	3akrobb hwy-knife
2 	52a-animal cruelty
1 	3ajfrobb carjack-firearm
1 	5a-burg. res. (for
1 	3gk-robb conv store-knife
1 	87v-narcotics (onview)
1 	3no-robb misc-other wpn
1 	3aorobb hwy-other wpn
1 	55disorderly person
1 	49-family disturba
1 	2arape (force)
1 	2g-sodomy/perverson
1 	26recovered vehicle
1 	23-unauthorized us
1 	76-child abuse-sexual
1 	88unfounded call
1 	86-special curfew
1 	5eburg. oth. (att.)
1 	4fassault by threat
1 	4f-assault by thre
1 	2fplacing hands
1 	2c-carnal knowledge
1 	3norobb misc-other wpn
1 	3drobb comm. (ua)
1 	77-dog bite
1 	102-questional death
1 	28-suicide - attempt
1 	80-lost property
1 	93-abduction - other
1 	111protective order
1 	3bjrobb carjack(ua)
1 	6flarceny- bicycle
1 	3f-robb gas sta. (ua)
1 	41-human trafficking
1 	4aagg. asslt.- gun
1 	5d-burg. oth. (for
1 	119issued in error
1 	29-driving while intox.
1 	67child abuse-physical
1 	49family disturbance
1 	110-summons served
1 	3ek-robb gas station-knife
1 	3hrobb conv. stor.(ua)
1 	5b-burg. res. (att
1 	8fo-arson public str-occ
1 	3ef-robb gas station-firearm
1 	112-traffic related inciden
1 	96-investigative stop
1 	2brape (attempt)
=================================================================
=================================================================
=================================================================
55074 arrests occured within 0.8 mile(s) of a CCTV
24062 	unknown offense
9381 	87-narcotics
4270 	4e-common assault
1969 	87o-narcotics (outside)
1559 	6c-larceny- shoplifting
1285 	79-other
1054 	97-search & seizure
1043 	24-towed vehicle
963 	4c-agg. asslt.- oth.
879 	4b-agg. asslt.- cut
614 	55-disorderly person
528 	5a-burg. res. (force)
446 	115-trespassing
416 	75-destruct. of property
397 	4d-agg. asslt.- hand
386 	7a-stolen auto
343 	3b-robb highway (ua)
340 	55a-prostitution
306 	6d-larceny- from auto
294 	118-burglary - fourth degree
261 	54-armed person
239 	3af-robb hwy-firearm
231 	5d-burg. oth. (force)
220 	4ecommon assault
219 	6j-larceny- other
204 	4a-agg. asslt.- gun
182 	6g-larceny- from bldg.
143 	61-person wanted on war
128 	49-family disturbance
101 	3ak-robb hwy-knife
98 	26-recovered vehicle
96 	3d-robb comm. (ua)
77 	23-unauthorized use
74 	3k-robb res. (ua)
70 	5b-burg. res. (att.)
68 	3ao-robb hwy-other wpn
67 	78-gambling
63 	4f-assault by threat
63 	5c-burg. res. (noforce)
63 	88-unfounded call
61 	4cagg. asslt.- oth.
60 	111-protective order
59 	6e-larceny- auto acc
54 	3cf-robb comm-firearm
50 	6b-larceny- purse snatch
45 	117-fto
44 	4bagg. asslt.- cut
42 	3ajf-robb carjack-firearm
40 	5e-burg. oth. (att.)
40 	6clarceny- shoplifting
38 	2h-indecent exp.
33 	48-involuntary detention
32 	54armed person
31 	5f-burg. oth. (noforce)
30 	7c-stolen veh./other
30 	114-hindering
29 	118burglary - fourth degree
28 	20a-followup
27 	3p-robb misc. (ua)
27 	2f-placing hands
26 	1a-murder
26 	3ck-robb comm-knife
26 	4dagg. asslt.- hand
25 	118-burglary - fourth deg
24 	3co-robb comm-other wpn
24 	81-recovered property
22 	58-injured person
22 	5aburg. res. (force)
21 	95-exparte
21 	75destruct. of property
21 	7astolen auto
21 	3h-robb conv. stor.(ua)
20 	3jk-robb residence-knife
19 	2a-rape (force)
18 	109-loitering
18 	3jf-robb residence-firearm
17 	73-false pretense
17 	6f-larceny- bicycle
17 	6c-larceny- shopli
17 	85-mental case
16 	108-liquor law/open containe
16 	24towed vehicle
16 	3jo-robb residence-other wpn
14 	75-destruct. of propert
14 	56-missing person
14 	3bj-robb carjack(ua)
14 	6jlarceny- other
13 	67-child abuse-physical
13 	112-traffic related incident
12 	3brobb highway (ua)
12 	98-child neglect
12 	80-lost property
12 	96b-investigative stop
12 	3afrobb hwy-firearm
11 	87narcotics
11 	79other
11 	3drobb comm. (ua)
11 	2j-other sex offn.
10 	2g-sodomy/perverson
10 	26recovered vehicle
10 	3nf-robb misc-firearm
10 	4aagg. asslt.- gun
10 	29-driving while intox.
10 	83-discharging firearm
9 	2b-rape (attempt)
9 	112-traffic related inciden
8 	3aorobb hwy-other wpn
8 	3m-robb bank (ua)
8 	103-dead on arrival
8 	52a-animal cruelty
7 	3nk-robb misc-knife
7 	2c-carnal knowledge
7 	3no-robb misc-other wpn
6 	6a-larceny- pickpocket
6 	20j-
6 	96-stop & frisk
6 	4c-agg. asslt.- ot
6 	59-intoxicated person
6 	76-child abuse-sexual
6 	4d-agg. asslt.- ha
6 	23unauthorized use
6 	6glarceny- from bldg.
6 	75-destruct. of pr
6 	4b-agg. asslt.- cu
6 	3akrobb hwy-knife
5 	115trespassing
5 	3ckrobb comm-knife
5 	8ao-arson sin res str-occ
5 	3krobb res. (ua)
5 	113-littering
4 	3ajfrobb carjack-firearm
4 	5bburg. res. (att.)
4 	3gf-robb conv store-firearm
4 	6dlarceny- from auto
4 	93-abduction - other
4 	8eo-arson oth comm str-occ
4 	119-issued in error
4 	39-fire
4 	3ek-robb gas station-knife
4 	3ajo-robb carjack-other wpn
3 	6h-larceny- from machine
3 	7cstolen veh./other
3 	5a-burg. res. (for
3 	3ajk-robb carjack-knife
3 	5cburg. res. (noforce)
3 	118-burglary - fourth degre
3 	3jkrobb residence-knife
3 	4fassault by threat
3 	3lo-robb bank-other wpn
3 	112-traffic related incid
3 	119issued in error
3 	85mental case
3 	49family disturbance
3 	3go-robb conv store-other wp
3 	110-summons served
3 	3af-robb hwy-firea
2 	2d-statutory rape
2 	96binvestigative stop
2 	117fto
2 	3cfrobb comm-firearm
2 	105-suspicious burning
2 	2arape (force)
2 	5b-burg. res. (att
2 	8j-arson other
2 	6blarceny- purse snatch
2 	106-custody dispute
2 	87vnarcotics (onview)
2 	112-traffic relate
2 	86-special curfew
2 	2fplacing hands
2 	3ao-robb hwy-other
2 	116-public urination / defe
2 	81recovered property
2 	48-involuntary detentio
2 	102-questional death
2 	6l-larceny- from locker
2 	94-abduction by parent
2 	5fburg. oth. (noforce)
2 	70-sanitation complaint
2 	1amurder
2 	6flarceny- bicycle
2 	3f-robb gas sta. (ua)
2 	8bo-arson oth res str-occ
2 	3jorobb residence-other wpn
2 	8h-arson motor veh
2 	6b-larceny- purse snatc
2 	24p-towed vehicle - private
2 	6elarceny- auto acc
2 	5dburg. oth. (force)
2 	3ef-robb gas station-firearm
1 	3lf-robb bank-firearm
1 	70a-ill. dumping
1 	111-protective ord
1 	3gk-robb conv store-knife
1 	87v-narcotics (onview)
1 	3jf-robb residence-fire
1 	8av-arson sin res str-v
1 	5c-burg. res. (nof
1 	3corobb comm-other wpn
1 	3jo-robb residence
1 	4a-agg. asslt.- gu
1 	108-liquor law/open conta
1 	8ev-arson oth comm str-vac
1 	3jfrobb residence-firearm
1 	108-liquor law/open contain
1 	8aoarson sin res str-occ
1 	76child abuse-sexual
1 	96aweapons pat down
1 	5eburg. oth. (att.)
1 	2jother sex offn.
1 	3ef-robb gas station-fi
1 	71-sex offender registry
1 	96-investigative stop
1 	107-drunkenness
1 	111protective order
1 	3probb misc. (ua)
1 	3b-robb highway (u
1 	3eo-robb gas station-other w
1 	3ajkrobb carjack-knife
1 	78gambling
1 	20h-traffic control
1 	3ajorobb carjack-other wpn

=================================================================

12263 arrests did not occur within 0.8 mile(s) of a CCTV
5063 	unknown offense
1436 	87-narcotics
1266 	4e-common assault
464 	6c-larceny- shoplifting
354 	97-search & seizure
342 	87o-narcotics (outside)
327 	24-towed vehicle
283 	4c-agg. asslt.- oth.
241 	79-other
227 	4b-agg. asslt.- cut
185 	5a-burg. res. (force)
180 	55a-prostitution
134 	75-destruct. of property
117 	4d-agg. asslt.- hand
115 	55-disorderly person
94 	118-burglary - fourth degree
72 	4ecommon assault
70 	3b-robb highway (ua)
70 	6j-larceny- other
68 	5d-burg. oth. (force)
68 	7a-stolen auto
68 	6d-larceny- from auto
63 	115-trespassing
57 	4a-agg. asslt.- gun
57 	49-family disturbance
48 	6g-larceny- from bldg.
46 	3af-robb hwy-firearm
45 	61-person wanted on war
40 	3k-robb res. (ua)
38 	54-armed person
32 	111-protective order
28 	5b-burg. res. (att.)
26 	26-recovered vehicle
26 	4f-assault by threat
22 	23-unauthorized use
20 	4cagg. asslt.- oth.
19 	5c-burg. res. (noforce)
18 	4bagg. asslt.- cut
17 	3d-robb comm. (ua)
16 	3ak-robb hwy-knife
15 	3ao-robb hwy-other wpn
12 	5f-burg. oth. (noforce)
11 	3cf-robb comm-firearm
10 	1a-murder
10 	3ajf-robb carjack-firearm
10 	5e-burg. oth. (att.)
10 	4dagg. asslt.- hand
10 	114-hindering
10 	5aburg. res. (force)
9 	73-false pretense
9 	95-exparte
9 	6e-larceny- auto acc
9 	88-unfounded call
8 	79other
8 	118burglary - fourth degree
8 	3krobb res. (ua)
7 	6c-larceny- shopli
7 	118-burglary - fourth deg
7 	6b-larceny- purse snatch
7 	7astolen auto
6 	3ck-robb comm-knife
6 	48-involuntary detention
6 	2h-indecent exp.
6 	2a-rape (force)
6 	5dburg. oth. (force)
5 	54armed person
5 	7c-stolen veh./other
5 	3brobb highway (ua)
5 	85-mental case
5 	98-child neglect
5 	75destruct. of property
5 	24towed vehicle
5 	3h-robb conv. stor.(ua)
5 	2f-placing hands
4 	81-recovered property
4 	56-missing person
4 	6clarceny- shoplifting
4 	4b-agg. asslt.- cu
4 	3afrobb hwy-firearm
3 	87narcotics
3 	3p-robb misc. (ua)
3 	58-injured person
3 	117-fto
3 	78-gambling
3 	8j-arson other
3 	6glarceny- from bldg.
3 	6dlarceny- from auto
3 	6jlarceny- other
3 	3jf-robb residence-firearm
3 	75-destruct. of propert
3 	112-traffic related incident
2 	3co-robb comm-other wpn
2 	118-burglary - fourth degre
2 	5bburg. res. (att.)
2 	106-custody dispute
2 	3nf-robb misc-firearm
2 	67-child abuse-physical
2 	109-loitering
2 	4d-agg. asslt.- ha
2 	3gf-robb conv store-firearm
2 	75-destruct. of pr
2 	81recovered property
2 	84-bomb scare
2 	3jk-robb residence-knife
2 	8bo-arson oth res str-occ
2 	4c-agg. asslt.- ot
2 	96b-investigative stop
2 	8ao-arson sin res str-occ
2 	83-discharging firearm
2 	103-dead on arrival
1 	3ajfrobb carjack-firearm
1 	5a-burg. res. (for
1 	3gk-robb conv store-knife
1 	6f-larceny- bicycle
1 	87v-narcotics (onview)
1 	3aorobb hwy-other wpn
1 	55disorderly person
1 	49-family disturba
1 	2arape (force)
1 	26recovered vehicle
1 	23-unauthorized us
1 	76-child abuse-sexual
1 	2b-rape (attempt)
1 	88unfounded call
1 	86-special curfew
1 	5eburg. oth. (att.)
1 	4fassault by threat
1 	4f-assault by thre
1 	2fplacing hands
1 	3norobb misc-other wpn
1 	3drobb comm. (ua)
1 	77-dog bite
1 	28-suicide - attempt
1 	93-abduction - other
1 	111protective order
1 	3bjrobb carjack(ua)
1 	6flarceny- bicycle
1 	3f-robb gas sta. (ua)
1 	119-issued in error
1 	41-human trafficking
1 	2j-other sex offn.
1 	5d-burg. oth. (for
1 	119issued in error
1 	29-driving while intox.
1 	67child abuse-physical
1 	110-summons served
1 	3ek-robb gas station-knife
1 	3hrobb conv. stor.(ua)
1 	5b-burg. res. (att
1 	3jo-robb residence-other wpn
1 	3akrobb hwy-knife
1 	8fo-arson public str-occ
1 	20a-followup
1 	52a-animal cruelty
1 	96-investigative stop
1 	2brape (attempt)
=================================================================
=================================================================
=================================================================
56439 arrests occured within 0.9 mile(s) of a CCTV
24652 	unknown offense
9499 	87-narcotics
4399 	4e-common assault
2010 	87o-narcotics (outside)
1672 	6c-larceny- shoplifting
1309 	79-other
1085 	97-search & seizure
1076 	24-towed vehicle
995 	4c-agg. asslt.- oth.
897 	4b-agg. asslt.- cut
625 	55-disorderly person
548 	5a-burg. res. (force)
452 	115-trespassing
427 	75-destruct. of property
414 	4d-agg. asslt.- hand
397 	7a-stolen auto
370 	55a-prostitution
349 	3b-robb highway (ua)
315 	6d-larceny- from auto
305 	118-burglary - fourth degree
267 	54-armed person
244 	3af-robb hwy-firearm
239 	5d-burg. oth. (force)
227 	6j-larceny- other
227 	4ecommon assault
212 	4a-agg. asslt.- gun
186 	6g-larceny- from bldg.
144 	61-person wanted on war
131 	49-family disturbance
103 	3ak-robb hwy-knife
99 	26-recovered vehicle
98 	3d-robb comm. (ua)
77 	23-unauthorized use
75 	3k-robb res. (ua)
75 	5b-burg. res. (att.)
68 	3ao-robb hwy-other wpn
67 	78-gambling
65 	4f-assault by threat
64 	111-protective order
64 	4cagg. asslt.- oth.
64 	5c-burg. res. (noforce)
63 	88-unfounded call
59 	6e-larceny- auto acc
55 	3cf-robb comm-firearm
51 	6b-larceny- purse snatch
45 	4bagg. asslt.- cut
45 	117-fto
44 	5e-burg. oth. (att.)
43 	3ajf-robb carjack-firearm
41 	6clarceny- shoplifting
38 	2h-indecent exp.
33 	48-involuntary detention
32 	54armed person
31 	5f-burg. oth. (noforce)
31 	7c-stolen veh./other
31 	114-hindering
29 	118burglary - fourth degree
28 	20a-followup
28 	2f-placing hands
27 	1a-murder
27 	3p-robb misc. (ua)
27 	3ck-robb comm-knife
27 	4dagg. asslt.- hand
25 	118-burglary - fourth deg
24 	3co-robb comm-other wpn
24 	81-recovered property
22 	58-injured person
22 	5aburg. res. (force)
22 	7astolen auto
22 	3h-robb conv. stor.(ua)
21 	95-exparte
21 	75destruct. of property
21 	2a-rape (force)
20 	3jk-robb residence-knife
18 	109-loitering
18 	3jf-robb residence-firearm
17 	73-false pretense
17 	6f-larceny- bicycle
17 	6c-larceny- shopli
17 	85-mental case
17 	24towed vehicle
16 	108-liquor law/open containe
16 	3jo-robb residence-other wpn
15 	56-missing person
14 	75-destruct. of propert
14 	3bj-robb carjack(ua)
14 	6jlarceny- other
13 	67-child abuse-physical
13 	112-traffic related incident
12 	3brobb highway (ua)
12 	98-child neglect
12 	80-lost property
12 	96b-investigative stop
12 	3afrobb hwy-firearm
11 	87narcotics
11 	79other
11 	3drobb comm. (ua)
11 	2j-other sex offn.
10 	2g-sodomy/perverson
10 	26recovered vehicle
10 	3nf-robb misc-firearm
10 	4aagg. asslt.- gun
10 	29-driving while intox.
10 	83-discharging firearm
9 	2b-rape (attempt)
9 	112-traffic related inciden
8 	3aorobb hwy-other wpn
8 	3m-robb bank (ua)
8 	103-dead on arrival
8 	52a-animal cruelty
7 	3nk-robb misc-knife
7 	4d-agg. asslt.- ha
7 	2c-carnal knowledge
7 	3no-robb misc-other wpn
7 	4b-agg. asslt.- cu
7 	3akrobb hwy-knife
6 	6a-larceny- pickpocket
6 	20j-
6 	96-stop & frisk
6 	4c-agg. asslt.- ot
6 	59-intoxicated person
6 	76-child abuse-sexual
6 	23unauthorized use
6 	6glarceny- from bldg.
6 	75-destruct. of pr
6 	8ao-arson sin res str-occ
5 	115trespassing
5 	3ckrobb comm-knife
5 	3krobb res. (ua)
5 	113-littering
4 	3ajfrobb carjack-firearm
4 	5a-burg. res. (for
4 	118-burglary - fourth degre
4 	5bburg. res. (att.)
4 	3gf-robb conv store-firearm
4 	6dlarceny- from auto
4 	93-abduction - other
4 	8eo-arson oth comm str-occ
4 	119-issued in error
4 	39-fire
4 	3ek-robb gas station-knife
4 	3ajo-robb carjack-other wpn
3 	6h-larceny- from machine
3 	7cstolen veh./other
3 	3ajk-robb carjack-knife
3 	5cburg. res. (noforce)
3 	3jkrobb residence-knife
3 	8j-arson other
3 	4fassault by threat
3 	3lo-robb bank-other wpn
3 	112-traffic related incid
3 	119issued in error
3 	85mental case
3 	49family disturbance
3 	3go-robb conv store-other wp
3 	110-summons served
3 	5dburg. oth. (force)
3 	3af-robb hwy-firea
2 	2d-statutory rape
2 	96binvestigative stop
2 	87v-narcotics (onview)
2 	117fto
2 	24p-towed vehicle - private
2 	3cfrobb comm-firearm
2 	105-suspicious burning
2 	2arape (force)
2 	5b-burg. res. (att
2 	6blarceny- purse snatch
2 	106-custody dispute
2 	87vnarcotics (onview)
2 	112-traffic relate
2 	86-special curfew
2 	2fplacing hands
2 	3ao-robb hwy-other
2 	116-public urination / defe
2 	81recovered property
2 	48-involuntary detentio
2 	102-questional death
2 	6l-larceny- from locker
2 	94-abduction by parent
2 	5fburg. oth. (noforce)
2 	70-sanitation complaint
2 	1amurder
2 	6flarceny- bicycle
2 	3f-robb gas sta. (ua)
2 	8bo-arson oth res str-occ
2 	3jorobb residence-other wpn
2 	8h-arson motor veh
2 	6b-larceny- purse snatc
2 	6elarceny- auto acc
2 	3ef-robb gas station-firearm
1 	3lf-robb bank-firearm
1 	70a-ill. dumping
1 	111-protective ord
1 	3gk-robb conv store-knife
1 	3jf-robb residence-fire
1 	8av-arson sin res str-v
1 	5c-burg. res. (nof
1 	3corobb comm-other wpn
1 	3jo-robb residence
1 	4a-agg. asslt.- gu
1 	108-liquor law/open conta
1 	8ev-arson oth comm str-vac
1 	3jfrobb residence-firearm
1 	108-liquor law/open contain
1 	8aoarson sin res str-occ
1 	23-unauthorized us
1 	76child abuse-sexual
1 	96aweapons pat down
1 	5eburg. oth. (att.)
1 	2jother sex offn.
1 	3ef-robb gas station-fi
1 	71-sex offender registry
1 	96-investigative stop
1 	107-drunkenness
1 	111protective order
1 	3bjrobb carjack(ua)
1 	3probb misc. (ua)
1 	3b-robb highway (u
1 	8fo-arson public str-occ
1 	3eo-robb gas station-other w
1 	3ajkrobb carjack-knife
1 	78gambling
1 	20h-traffic control
1 	3ajorobb carjack-other wpn

=================================================================

10898 arrests did not occur within 0.9 mile(s) of a CCTV
4473 	unknown offense
1318 	87-narcotics
1137 	4e-common assault
351 	6c-larceny- shoplifting
323 	97-search & seizure
301 	87o-narcotics (outside)
294 	24-towed vehicle
251 	4c-agg. asslt.- oth.
217 	79-other
209 	4b-agg. asslt.- cut
165 	5a-burg. res. (force)
150 	55a-prostitution
123 	75-destruct. of property
104 	55-disorderly person
100 	4d-agg. asslt.- hand
83 	118-burglary - fourth degree
65 	4ecommon assault
64 	3b-robb highway (ua)
62 	6j-larceny- other
60 	5d-burg. oth. (force)
59 	6d-larceny- from auto
57 	7a-stolen auto
57 	115-trespassing
54 	49-family disturbance
49 	4a-agg. asslt.- gun
44 	6g-larceny- from bldg.
44 	61-person wanted on war
41 	3af-robb hwy-firearm
39 	3k-robb res. (ua)
32 	54-armed person
28 	111-protective order
25 	26-recovered vehicle
24 	4f-assault by threat
23 	5b-burg. res. (att.)
22 	23-unauthorized use
18 	5c-burg. res. (noforce)
17 	4cagg. asslt.- oth.
17 	4bagg. asslt.- cut
15 	3d-robb comm. (ua)
15 	3ao-robb hwy-other wpn
14 	3ak-robb hwy-knife
12 	5f-burg. oth. (noforce)
10 	3cf-robb comm-firearm
10 	5aburg. res. (force)
9 	73-false pretense
9 	1a-murder
9 	114-hindering
9 	3ajf-robb carjack-firearm
9 	95-exparte
9 	4dagg. asslt.- hand
9 	6e-larceny- auto acc
9 	88-unfounded call
8 	79other
8 	118burglary - fourth degree
8 	3krobb res. (ua)
7 	6c-larceny- shopli
7 	118-burglary - fourth deg
6 	5e-burg. oth. (att.)
6 	48-involuntary detention
6 	2h-indecent exp.
6 	6b-larceny- purse snatch
6 	7astolen auto
5 	3ck-robb comm-knife
5 	54armed person
5 	3brobb highway (ua)
5 	85-mental case
5 	98-child neglect
5 	75destruct. of property
5 	5dburg. oth. (force)
4 	7c-stolen veh./other
4 	2a-rape (force)
4 	24towed vehicle
4 	3h-robb conv. stor.(ua)
4 	3afrobb hwy-firearm
4 	81-recovered property
4 	2f-placing hands
3 	87narcotics
3 	3p-robb misc. (ua)
3 	58-injured person
3 	117-fto
3 	78-gambling
3 	56-missing person
3 	6glarceny- from bldg.
3 	6dlarceny- from auto
3 	6jlarceny- other
3 	6clarceny- shoplifting
3 	3jf-robb residence-firearm
3 	4b-agg. asslt.- cu
3 	75-destruct. of propert
3 	112-traffic related incident
2 	3co-robb comm-other wpn
2 	5bburg. res. (att.)
2 	8j-arson other
2 	106-custody dispute
2 	3nf-robb misc-firearm
2 	67-child abuse-physical
2 	109-loitering
2 	3gf-robb conv store-firearm
2 	75-destruct. of pr
2 	81recovered property
2 	84-bomb scare
2 	3jk-robb residence-knife
2 	8bo-arson oth res str-occ
2 	4c-agg. asslt.- ot
2 	96b-investigative stop
2 	83-discharging firearm
2 	103-dead on arrival
1 	3ajfrobb carjack-firearm
1 	3gk-robb conv store-knife
1 	6f-larceny- bicycle
1 	3aorobb hwy-other wpn
1 	55disorderly person
1 	49-family disturba
1 	2arape (force)
1 	118-burglary - fourth degre
1 	26recovered vehicle
1 	76-child abuse-sexual
1 	2b-rape (attempt)
1 	88unfounded call
1 	86-special curfew
1 	5eburg. oth. (att.)
1 	4fassault by threat
1 	4f-assault by thre
1 	4d-agg. asslt.- ha
1 	2fplacing hands
1 	3norobb misc-other wpn
1 	3drobb comm. (ua)
1 	77-dog bite
1 	28-suicide - attempt
1 	93-abduction - other
1 	111protective order
1 	6flarceny- bicycle
1 	3f-robb gas sta. (ua)
1 	119-issued in error
1 	41-human trafficking
1 	2j-other sex offn.
1 	5d-burg. oth. (for
1 	119issued in error
1 	29-driving while intox.
1 	67child abuse-physical
1 	110-summons served
1 	3ek-robb gas station-knife
1 	3hrobb conv. stor.(ua)
1 	5b-burg. res. (att
1 	8ao-arson sin res str-occ
1 	3jo-robb residence-other wpn
1 	20a-followup
1 	52a-animal cruelty
1 	96-investigative stop
1 	2brape (attempt)
=================================================================
=================================================================
=================================================================
57552 arrests occured within 1.0 mile(s) of a CCTV
25123 	unknown offense
9650 	87-narcotics
4503 	4e-common assault
2037 	87o-narcotics (outside)
1705 	6c-larceny- shoplifting
1336 	79-other
1118 	97-search & seizure
1108 	24-towed vehicle
1024 	4c-agg. asslt.- oth.
920 	4b-agg. asslt.- cut
633 	55-disorderly person
565 	5a-burg. res. (force)
460 	115-trespassing
437 	75-destruct. of property
425 	4d-agg. asslt.- hand
403 	7a-stolen auto
378 	55a-prostitution
361 	3b-robb highway (ua)
323 	6d-larceny- from auto
306 	118-burglary - fourth degree
271 	54-armed person
247 	3af-robb hwy-firearm
245 	5d-burg. oth. (force)
233 	6j-larceny- other
233 	4ecommon assault
215 	4a-agg. asslt.- gun
187 	6g-larceny- from bldg.
148 	61-person wanted on war
132 	49-family disturbance
104 	3ak-robb hwy-knife
100 	26-recovered vehicle
98 	3d-robb comm. (ua)
83 	23-unauthorized use
81 	3k-robb res. (ua)
76 	5b-burg. res. (att.)
69 	3ao-robb hwy-other wpn
67 	78-gambling
67 	5c-burg. res. (noforce)
66 	4f-assault by threat
65 	111-protective order
65 	4cagg. asslt.- oth.
63 	88-unfounded call
60 	6e-larceny- auto acc
56 	3cf-robb comm-firearm
51 	6b-larceny- purse snatch
46 	4bagg. asslt.- cut
45 	5e-burg. oth. (att.)
45 	117-fto
43 	3ajf-robb carjack-firearm
41 	6clarceny- shoplifting
39 	5f-burg. oth. (noforce)
39 	2h-indecent exp.
34 	7c-stolen veh./other
33 	48-involuntary detention
32 	54armed person
31 	114-hindering
30 	118burglary - fourth degree
29 	2f-placing hands
28 	3ck-robb comm-knife
28 	4dagg. asslt.- hand
28 	20a-followup
27 	1a-murder
27 	3p-robb misc. (ua)
26 	81-recovered property
25 	118-burglary - fourth deg
24 	95-exparte
24 	3co-robb comm-other wpn
23 	7astolen auto
23 	3h-robb conv. stor.(ua)
22 	58-injured person
22 	5aburg. res. (force)
21 	75destruct. of property
21 	2a-rape (force)
20 	3jk-robb residence-knife
19 	6c-larceny- shopli
19 	109-loitering
18 	73-false pretense
18 	3jf-robb residence-firearm
17 	6f-larceny- bicycle
17 	85-mental case
17 	24towed vehicle
16 	108-liquor law/open containe
16 	3jo-robb residence-other wpn
15 	56-missing person
14 	75-destruct. of propert
14 	3bj-robb carjack(ua)
14 	6jlarceny- other
13 	79other
13 	67-child abuse-physical
13 	112-traffic related incident
12 	3brobb highway (ua)
12 	98-child neglect
12 	80-lost property
12 	96b-investigative stop
12 	3afrobb hwy-firearm
11 	87narcotics
11 	3drobb comm. (ua)
11 	2j-other sex offn.
10 	2g-sodomy/perverson
10 	26recovered vehicle
10 	3nf-robb misc-firearm
10 	4aagg. asslt.- gun
10 	29-driving while intox.
10 	83-discharging firearm
9 	2b-rape (attempt)
9 	112-traffic related inciden
8 	3aorobb hwy-other wpn
8 	3m-robb bank (ua)
8 	103-dead on arrival
8 	52a-animal cruelty
7 	3nk-robb misc-knife
7 	4d-agg. asslt.- ha
7 	2c-carnal knowledge
7 	3no-robb misc-other wpn
7 	4b-agg. asslt.- cu
7 	3akrobb hwy-knife
6 	6a-larceny- pickpocket
6 	20j-
6 	96-stop & frisk
6 	4c-agg. asslt.- ot
6 	59-intoxicated person
6 	76-child abuse-sexual
6 	23unauthorized use
6 	6glarceny- from bldg.
6 	75-destruct. of pr
6 	8ao-arson sin res str-occ
5 	3ajfrobb carjack-firearm
5 	115trespassing
5 	3ckrobb comm-knife
5 	3gf-robb conv store-firearm
5 	3krobb res. (ua)
5 	113-littering
4 	5a-burg. res. (for
4 	118-burglary - fourth degre
4 	5bburg. res. (att.)
4 	6dlarceny- from auto
4 	93-abduction - other
4 	8eo-arson oth comm str-occ
4 	119-issued in error
4 	39-fire
4 	3ek-robb gas station-knife
4 	3ajo-robb carjack-other wpn
4 	110-summons served
3 	6h-larceny- from machine
3 	7cstolen veh./other
3 	3ajk-robb carjack-knife
3 	5cburg. res. (noforce)
3 	3jkrobb residence-knife
3 	8j-arson other
3 	4fassault by threat
3 	3lo-robb bank-other wpn
3 	112-traffic related incid
3 	8bo-arson oth res str-occ
3 	119issued in error
3 	85mental case
3 	49family disturbance
3 	3go-robb conv store-other wp
3 	5dburg. oth. (force)
3 	3af-robb hwy-firea
2 	2d-statutory rape
2 	96binvestigative stop
2 	87v-narcotics (onview)
2 	117fto
2 	24p-towed vehicle - private
2 	3cfrobb comm-firearm
2 	105-suspicious burning
2 	2arape (force)
2 	5b-burg. res. (att
2 	6blarceny- purse snatch
2 	106-custody dispute
2 	87vnarcotics (onview)
2 	112-traffic relate
2 	86-special curfew
2 	2fplacing hands
2 	3ao-robb hwy-other
2 	116-public urination / defe
2 	81recovered property
2 	48-involuntary detentio
2 	102-questional death
2 	6l-larceny- from locker
2 	94-abduction by parent
2 	5fburg. oth. (noforce)
2 	70-sanitation complaint
2 	1amurder
2 	6flarceny- bicycle
2 	3f-robb gas sta. (ua)
2 	3jorobb residence-other wpn
2 	8h-arson motor veh
2 	6b-larceny- purse snatc
2 	6elarceny- auto acc
2 	3ef-robb gas station-firearm
1 	3lf-robb bank-firearm
1 	70a-ill. dumping
1 	111-protective ord
1 	3gk-robb conv store-knife
1 	3jf-robb residence-fire
1 	8av-arson sin res str-v
1 	5c-burg. res. (nof
1 	3corobb comm-other wpn
1 	3jo-robb residence
1 	4a-agg. asslt.- gu
1 	108-liquor law/open conta
1 	8ev-arson oth comm str-vac
1 	3jfrobb residence-firearm
1 	108-liquor law/open contain
1 	8aoarson sin res str-occ
1 	23-unauthorized us
1 	76child abuse-sexual
1 	96aweapons pat down
1 	5eburg. oth. (att.)
1 	2jother sex offn.
1 	3ef-robb gas station-fi
1 	71-sex offender registry
1 	96-investigative stop
1 	28-suicide - attempt
1 	107-drunkenness
1 	111protective order
1 	3bjrobb carjack(ua)
1 	3probb misc. (ua)
1 	3b-robb highway (u
1 	8fo-arson public str-occ
1 	3eo-robb gas station-other w
1 	3ajkrobb carjack-knife
1 	78gambling
1 	20h-traffic control
1 	3ajorobb carjack-other wpn

=================================================================

9785 arrests did not occur within 1.0 mile(s) of a CCTV
4002 	unknown offense
1167 	87-narcotics
1033 	4e-common assault
318 	6c-larceny- shoplifting
290 	97-search & seizure
274 	87o-narcotics (outside)
262 	24-towed vehicle
222 	4c-agg. asslt.- oth.
190 	79-other
186 	4b-agg. asslt.- cut
148 	5a-burg. res. (force)
142 	55a-prostitution
113 	75-destruct. of property
96 	55-disorderly person
89 	4d-agg. asslt.- hand
82 	118-burglary - fourth degree
59 	4ecommon assault
56 	6j-larceny- other
54 	5d-burg. oth. (force)
53 	49-family disturbance
52 	3b-robb highway (ua)
51 	7a-stolen auto
51 	6d-larceny- from auto
49 	115-trespassing
46 	4a-agg. asslt.- gun
43 	6g-larceny- from bldg.
40 	61-person wanted on war
38 	3af-robb hwy-firearm
33 	3k-robb res. (ua)
28 	54-armed person
27 	111-protective order
24 	26-recovered vehicle
23 	4f-assault by threat
22 	5b-burg. res. (att.)
16 	4cagg. asslt.- oth.
16 	4bagg. asslt.- cut
16 	23-unauthorized use
15 	5c-burg. res. (noforce)
15 	3d-robb comm. (ua)
14 	3ao-robb hwy-other wpn
13 	3ak-robb hwy-knife
10 	5aburg. res. (force)
9 	1a-murder
9 	114-hindering
9 	3ajf-robb carjack-firearm
9 	3cf-robb comm-firearm
9 	88-unfounded call
8 	73-false pretense
8 	4dagg. asslt.- hand
8 	6e-larceny- auto acc
8 	3krobb res. (ua)
7 	118burglary - fourth degree
7 	118-burglary - fourth deg
6 	79other
6 	95-exparte
6 	48-involuntary detention
6 	6b-larceny- purse snatch
5 	54armed person
5 	5e-burg. oth. (att.)
5 	6c-larceny- shopli
5 	3brobb highway (ua)
5 	85-mental case
5 	98-child neglect
5 	2h-indecent exp.
5 	75destruct. of property
5 	7astolen auto
5 	5dburg. oth. (force)
4 	3ck-robb comm-knife
4 	5f-burg. oth. (noforce)
4 	2a-rape (force)
4 	24towed vehicle
4 	3afrobb hwy-firearm
3 	87narcotics
3 	3p-robb misc. (ua)
3 	58-injured person
3 	117-fto
3 	78-gambling
3 	56-missing person
3 	6glarceny- from bldg.
3 	6dlarceny- from auto
3 	6jlarceny- other
3 	6clarceny- shoplifting
3 	3jf-robb residence-firearm
3 	4b-agg. asslt.- cu
3 	75-destruct. of propert
3 	3h-robb conv. stor.(ua)
3 	112-traffic related incident
3 	2f-placing hands
2 	3co-robb comm-other wpn
2 	5bburg. res. (att.)
2 	8j-arson other
2 	106-custody dispute
2 	3nf-robb misc-firearm
2 	67-child abuse-physical
2 	75-destruct. of pr
2 	81recovered property
2 	84-bomb scare
2 	3jk-robb residence-knife
2 	4c-agg. asslt.- ot
2 	96b-investigative stop
2 	83-discharging firearm
2 	103-dead on arrival
2 	81-recovered property
1 	3gk-robb conv store-knife
1 	6f-larceny- bicycle
1 	3aorobb hwy-other wpn
1 	55disorderly person
1 	49-family disturba
1 	2arape (force)
1 	118-burglary - fourth degre
1 	26recovered vehicle
1 	7c-stolen veh./other
1 	76-child abuse-sexual
1 	2b-rape (attempt)
1 	88unfounded call
1 	109-loitering
1 	86-special curfew
1 	5eburg. oth. (att.)
1 	4fassault by threat
1 	4f-assault by thre
1 	4d-agg. asslt.- ha
1 	2fplacing hands
1 	3gf-robb conv store-firearm
1 	3norobb misc-other wpn
1 	3drobb comm. (ua)
1 	77-dog bite
1 	93-abduction - other
1 	111protective order
1 	6flarceny- bicycle
1 	3f-robb gas sta. (ua)
1 	119-issued in error
1 	41-human trafficking
1 	8bo-arson oth res str-occ
1 	2j-other sex offn.
1 	5d-burg. oth. (for
1 	119issued in error
1 	29-driving while intox.
1 	67child abuse-physical
1 	3ek-robb gas station-knife
1 	3hrobb conv. stor.(ua)
1 	5b-burg. res. (att
1 	8ao-arson sin res str-occ
1 	3jo-robb residence-other wpn
1 	20a-followup
1 	52a-animal cruelty
1 	96-investigative stop
1 	2brape (attempt)
=================================================================
=================================================================
=================================================================
